Replace Part J3 Molex_42819-4224 in C:\Users\Public\Documents\Altium\Projects\Merge2\KillSwitch_MotorOut.SchDoc with Molex_42819-4224 from Molex_42819-4224.SchLib
Replace Part J4 Molex_42819-4224 in C:\Users\Public\Documents\Altium\Projects\Merge2\KillSwitch_MotorOut.SchDoc with Molex_42819-4224 from Molex_42819-4224.SchLib
Replace Part J5 Molex_42819-4224 in C:\Users\Public\Documents\Altium\Projects\Merge2\KillSwitch_MotorOut.SchDoc with Molex_42819-4224 from Molex_42819-4224.SchLib
Replace Part J6 Molex_42819-4224 in C:\Users\Public\Documents\Altium\Projects\Merge2\KillSwitch_MotorOut.SchDoc with Molex_42819-4224 from Molex_42819-4224.SchLib
Replace Part P1 Header 2 in C:\Users\Public\Documents\Altium\Projects\Merge2\KillSwitch_MotorOut.SchDoc with Header 2 from Miscellaneous Connectors.IntLib
Replace Part Q3 IRLR6225 in C:\Users\Public\Documents\Altium\Projects\Merge2\KillSwitch_MotorOut.SchDoc with IRLR6225 from IRLR6225.SchLib
Replace Part Q4 IRLR6225 in C:\Users\Public\Documents\Altium\Projects\Merge2\KillSwitch_MotorOut.SchDoc with IRLR6225 from IRLR6225.SchLib
Replace Part Q5 IRLR6225 in C:\Users\Public\Documents\Altium\Projects\Merge2\KillSwitch_MotorOut.SchDoc with IRLR6225 from IRLR6225.SchLib
Replace Part Q6 IRLR6225 in C:\Users\Public\Documents\Altium\Projects\Merge2\KillSwitch_MotorOut.SchDoc with IRLR6225 from IRLR6225.SchLib
Replace Part Q7 IRLR6225 in C:\Users\Public\Documents\Altium\Projects\Merge2\KillSwitch_MotorOut.SchDoc with IRLR6225 from IRLR6225.SchLib
Replace Part Q8 IRLR6225 in C:\Users\Public\Documents\Altium\Projects\Merge2\KillSwitch_MotorOut.SchDoc with IRLR6225 from IRLR6225.SchLib
Replace Part Q9 IRLR6225 in C:\Users\Public\Documents\Altium\Projects\Merge2\KillSwitch_MotorOut.SchDoc with IRLR6225 from IRLR6225.SchLib
Replace Part Q10 IRLR6225 in C:\Users\Public\Documents\Altium\Projects\Merge2\KillSwitch_MotorOut.SchDoc with IRLR6225 from IRLR6225.SchLib
Replace Part R1 Res3 in C:\Users\Public\Documents\Altium\Projects\Merge2\KillSwitch_MotorOut.SchDoc with Res3 from Miscellaneous Devices.IntLib
Replace Part R2 Res3 in C:\Users\Public\Documents\Altium\Projects\Merge2\KillSwitch_MotorOut.SchDoc with Res3 from Miscellaneous Devices.IntLib
Replace Part R3 Res3 in C:\Users\Public\Documents\Altium\Projects\Merge2\KillSwitch_MotorOut.SchDoc with Res3 from Miscellaneous Devices.IntLib
Replace Part R4 Res3 in C:\Users\Public\Documents\Altium\Projects\Merge2\KillSwitch_MotorOut.SchDoc with Res3 from Miscellaneous Devices.IntLib
Replace Part R5 Res3 in C:\Users\Public\Documents\Altium\Projects\Merge2\KillSwitch_MotorOut.SchDoc with Res3 from Miscellaneous Devices.IntLib
Replace Part R6 Res3 in C:\Users\Public\Documents\Altium\Projects\Merge2\KillSwitch_MotorOut.SchDoc with Res3 from Miscellaneous Devices.IntLib
Replace Part R7 Res3 in C:\Users\Public\Documents\Altium\Projects\Merge2\KillSwitch_MotorOut.SchDoc with Res3 from Miscellaneous Devices.IntLib
Replace Part R8 Res3 in C:\Users\Public\Documents\Altium\Projects\Merge2\KillSwitch_MotorOut.SchDoc with Res3 from Miscellaneous Devices.IntLib
Replace Part R19 Res3 in C:\Users\Public\Documents\Altium\Projects\Merge2\KillSwitch_MotorOut.SchDoc with Res3 from Miscellaneous Devices.IntLib
Replace Part U4 MC74VHC1GT08 in C:\Users\Public\Documents\Altium\Projects\Merge2\KillSwitch_MotorOut.SchDoc with MC74VHC1GT08 from MC74VHC1G.SchLib
