Removed Pin From Net: NetName=5V Pin=U15-5V
Removed Pin From Net: NetName=ANALOGOUT1 Pin=U15-14
Removed Pin From Net: NetName=ANALOGOUT2 Pin=U15-15
Removed Pin From Net: NetName=ANALOGOUT3 Pin=U15-16
Removed Pin From Net: NetName=ANALOGOUT4 Pin=U15-17
Removed Pin From Net: NetName=ANALOGOUT5 Pin=U15-18
Removed Pin From Net: NetName=ANALOGOUT6 Pin=U15-19
Removed Pin From Net: NetName=ANALOGOUT7 Pin=U15-20
Removed Pin From Net: NetName=ANALOGOUT8 Pin=U15-21
Removed Pin From Net: NetName=ANALOGOUT9 Pin=U15-22
Removed Pin From Net: NetName=ANALOGOUT10 Pin=U15-23
Removed Pin From Net: NetName=TEENSYKILL Pin=U15-24
Removed Pin From Net: NetName=KILL OUT Pin=U15-25
Removed Pin From Net: NetName=GND Pin=U15-AGND
Removed Pin From Net: NetName=GND Pin=U15-G0
Removed Pin From Net: NetName=GND Pin=U15-G1
Removed Pin From Net: NetName=GND Pin=U15-G2
Removed Pin From Net: NetName=GND Pin=U15-G3
Removed Pin From Net: NetName=GND Pin=U15-G4
Removed Pin From Net: NetName=GND Pin=U15-G5
Removed Pin From Net: NetName=GND Pin=U15-G6
Change Component Footprint: Designator=U15 Old Footprint=Teensy3_5 New Footprint=ArduinoMicro
Change Component Comment : Designator=U15 Old Comment=Teensy3_5 New Comment=ArduinoMicro
Added Member To Class: ClassName=U_Teensy3_5 Member=Component U15 ArduinoMicro
