Added Component: Designator=C1_A(1608[0603])
Added Component: Designator=C1_B(1608[0603])
Added Component: Designator=C1_C(1608[0603])
Added Component: Designator=C1_D(1608[0603])
Added Component: Designator=C2_A(1608[0603])
Added Component: Designator=C2_B(1608[0603])
Added Component: Designator=C2_C(1608[0603])
Added Component: Designator=C2_D(1608[0603])
Added Component: Designator=C3_A(1608[0603])
Added Component: Designator=C3_B(1608[0603])
Added Component: Designator=C3_C(1608[0603])
Added Component: Designator=C3_D(1608[0603])
Added Component: Designator=C4_A(1608[0603])
Added Component: Designator=C4_B(1608[0603])
Added Component: Designator=C4_C(1608[0603])
Added Component: Designator=C4_D(1608[0603])
Added Component: Designator=C5_A(1608[0603])
Added Component: Designator=C5_B(1608[0603])
Added Component: Designator=C5_C(1608[0603])
Added Component: Designator=C5_D(1608[0603])
Added Component: Designator=C6(1608[0603])
Added Component: Designator=C7(1608[0603])
Added Component: Designator=C8(1608[0603])
Added Component: Designator=C9(1608[0603])
Added Component: Designator=C10(1608[0603])
Added Component: Designator=C11(1608[0603])
Added Component: Designator=C12(1608[0603])
Added Component: Designator=C13(1608[0603])
Added Component: Designator=PA(BNC_RA CON)
Added Component: Designator=PB(BNC_RA CON)
Added Component: Designator=PC(BNC_RA CON)
Added Component: Designator=PD(BNC_RA CON)
Added Component: Designator=R1_A(J1-0603)
Added Component: Designator=R1_B(J1-0603)
Added Component: Designator=R1_C(J1-0603)
Added Component: Designator=R1_D(J1-0603)
Added Component: Designator=R2_A(1608[0603])
Added Component: Designator=R2_B(1608[0603])
Added Component: Designator=R2_C(1608[0603])
Added Component: Designator=R2_D(1608[0603])
Added Component: Designator=R3_A(1608[0603])
Added Component: Designator=R3_B(1608[0603])
Added Component: Designator=R3_C(1608[0603])
Added Component: Designator=R3_D(1608[0603])
Added Component: Designator=R4_A(J1-0603)
Added Component: Designator=R4_B(J1-0603)
Added Component: Designator=R4_C(J1-0603)
Added Component: Designator=R4_D(J1-0603)
Added Component: Designator=R5_A(1608[0603])
Added Component: Designator=R5_B(1608[0603])
Added Component: Designator=R5_C(1608[0603])
Added Component: Designator=R5_D(1608[0603])
Added Component: Designator=R6_A(1608[0603])
Added Component: Designator=R6_B(1608[0603])
Added Component: Designator=R6_C(1608[0603])
Added Component: Designator=R6_D(1608[0603])
Added Component: Designator=R7_A(1608[0603])
Added Component: Designator=R7_B(1608[0603])
Added Component: Designator=R7_C(1608[0603])
Added Component: Designator=R7_D(1608[0603])
Added Component: Designator=R8_A(J1-0603)
Added Component: Designator=R8_B(J1-0603)
Added Component: Designator=R8_C(J1-0603)
Added Component: Designator=R8_D(J1-0603)
Added Component: Designator=U1(21-0141I_T406600)
Added Component: Designator=U2_A(SOIC127P600X150-8N)
Added Component: Designator=U2_B(SOIC127P600X150-8N)
Added Component: Designator=U2_C(SOIC127P600X150-8N)
Added Component: Designator=U2_D(SOIC127P600X150-8N)
Added Component: Designator=VR?(D2PAK_N)
Added Pin To Net: NetName=3.3V Pin=C8-1
Added Pin To Net: NetName=3.3V Pin=C9-1
Added Pin To Net: NetName=3.3V Pin=R2_A-1
Added Pin To Net: NetName=3.3V Pin=R2_B-1
Added Pin To Net: NetName=3.3V Pin=R2_C-1
Added Pin To Net: NetName=3.3V Pin=R2_D-1
Added Pin To Net: NetName=3.3V Pin=U1-8
Added Pin To Net: NetName=3.3V Pin=U1-22
Added Pin To Net: NetName=3.3V Pin=U2_A-8
Added Pin To Net: NetName=3.3V Pin=U2_B-8
Added Pin To Net: NetName=3.3V Pin=U2_C-8
Added Pin To Net: NetName=3.3V Pin=U2_D-8
Added Pin To Net: NetName=3.3V Pin=VR?-3
Added Net: Name=3.3V
Added Pin To Net: NetName=5V Pin=VR?-1
Added Net: Name=5V
Added Pin To Net: NetName=AGND Pin=C6-1
Added Pin To Net: NetName=AGND Pin=C7-1
Added Pin To Net: NetName=AGND Pin=C10-1
Added Pin To Net: NetName=AGND Pin=C11-1
Added Pin To Net: NetName=AGND Pin=C12-1
Added Pin To Net: NetName=AGND Pin=C13-1
Added Pin To Net: NetName=AGND Pin=R6_A-2
Added Pin To Net: NetName=AGND Pin=R6_B-2
Added Pin To Net: NetName=AGND Pin=R6_C-2
Added Pin To Net: NetName=AGND Pin=R6_D-2
Added Pin To Net: NetName=AGND Pin=R7_A-1
Added Pin To Net: NetName=AGND Pin=R7_B-1
Added Pin To Net: NetName=AGND Pin=R7_C-1
Added Pin To Net: NetName=AGND Pin=R7_D-1
Added Pin To Net: NetName=AGND Pin=R8_A-2
Added Pin To Net: NetName=AGND Pin=R8_B-2
Added Pin To Net: NetName=AGND Pin=R8_C-2
Added Pin To Net: NetName=AGND Pin=R8_D-2
Added Pin To Net: NetName=AGND Pin=U1-1
Added Pin To Net: NetName=AGND Pin=U1-3
Added Pin To Net: NetName=AGND Pin=U1-6
Added Pin To Net: NetName=AGND Pin=U1-17
Added Pin To Net: NetName=AGND Pin=U1-24
Added Pin To Net: NetName=AGND Pin=U1-31
Added Pin To Net: NetName=AGND Pin=U1-33
Added Pin To Net: NetName=AGND Pin=U1-35
Added Pin To Net: NetName=AGND Pin=U1-36
Added Pin To Net: NetName=AGND Pin=U1-41
Added Pin To Net: NetName=AGND Pin=U2_A-3
Added Pin To Net: NetName=AGND Pin=U2_A-4
Added Pin To Net: NetName=AGND Pin=U2_A-5
Added Pin To Net: NetName=AGND Pin=U2_B-3
Added Pin To Net: NetName=AGND Pin=U2_B-4
Added Pin To Net: NetName=AGND Pin=U2_B-5
Added Pin To Net: NetName=AGND Pin=U2_C-3
Added Pin To Net: NetName=AGND Pin=U2_C-4
Added Pin To Net: NetName=AGND Pin=U2_C-5
Added Pin To Net: NetName=AGND Pin=U2_D-3
Added Pin To Net: NetName=AGND Pin=U2_D-4
Added Pin To Net: NetName=AGND Pin=U2_D-5
Added Net: Name=AGND
Added Pin To Net: NetName=GND Pin=C8-2
Added Pin To Net: NetName=GND Pin=C9-2
Added Pin To Net: NetName=GND Pin=U1-7
Added Pin To Net: NetName=GND Pin=U1-23
Added Pin To Net: NetName=GND Pin=VR?-2
Added Net: Name=GND
Added Pin To Net: NetName=NetC1_A_1 Pin=C1_A-1
Added Pin To Net: NetName=NetC1_A_1 Pin=C4_A-1
Added Pin To Net: NetName=NetC1_A_1 Pin=R5_A-1
Added Pin To Net: NetName=NetC1_A_1 Pin=R7_A-2
Added Net: Name=NetC1_A_1
Added Pin To Net: NetName=NetC1_A_2 Pin=C1_A-2
Added Pin To Net: NetName=NetC1_A_2 Pin=R1_A-2
Added Pin To Net: NetName=NetC1_A_2 Pin=R3_A-2
Added Pin To Net: NetName=NetC1_A_2 Pin=U2_A-1
Added Net: Name=NetC1_A_2
Added Pin To Net: NetName=NetC1_B_1 Pin=C1_B-1
Added Pin To Net: NetName=NetC1_B_1 Pin=C4_B-1
Added Pin To Net: NetName=NetC1_B_1 Pin=R5_B-1
Added Pin To Net: NetName=NetC1_B_1 Pin=R7_B-2
Added Net: Name=NetC1_B_1
Added Pin To Net: NetName=NetC1_B_2 Pin=C1_B-2
Added Pin To Net: NetName=NetC1_B_2 Pin=R1_B-2
Added Pin To Net: NetName=NetC1_B_2 Pin=R3_B-2
Added Pin To Net: NetName=NetC1_B_2 Pin=U2_B-1
Added Net: Name=NetC1_B_2
Added Pin To Net: NetName=NetC1_C_1 Pin=C1_C-1
Added Pin To Net: NetName=NetC1_C_1 Pin=C4_C-1
Added Pin To Net: NetName=NetC1_C_1 Pin=R5_C-1
Added Pin To Net: NetName=NetC1_C_1 Pin=R7_C-2
Added Net: Name=NetC1_C_1
Added Pin To Net: NetName=NetC1_C_2 Pin=C1_C-2
Added Pin To Net: NetName=NetC1_C_2 Pin=R1_C-2
Added Pin To Net: NetName=NetC1_C_2 Pin=R3_C-2
Added Pin To Net: NetName=NetC1_C_2 Pin=U2_C-1
Added Net: Name=NetC1_C_2
Added Pin To Net: NetName=NetC1_D_1 Pin=C1_D-1
Added Pin To Net: NetName=NetC1_D_1 Pin=C4_D-1
Added Pin To Net: NetName=NetC1_D_1 Pin=R5_D-1
Added Pin To Net: NetName=NetC1_D_1 Pin=R7_D-2
Added Net: Name=NetC1_D_1
Added Pin To Net: NetName=NetC1_D_2 Pin=C1_D-2
Added Pin To Net: NetName=NetC1_D_2 Pin=R1_D-2
Added Pin To Net: NetName=NetC1_D_2 Pin=R3_D-2
Added Pin To Net: NetName=NetC1_D_2 Pin=U2_D-1
Added Net: Name=NetC1_D_2
Added Pin To Net: NetName=NetC2_A_1 Pin=C2_A-1
Added Pin To Net: NetName=NetC2_A_1 Pin=R4_A-1
Added Pin To Net: NetName=NetC2_A_1 Pin=U1-4
Added Pin To Net: NetName=NetC2_A_1 Pin=U2_A-7
Added Net: Name=NetC2_A_1
Added Pin To Net: NetName=NetC2_A_2 Pin=C2_A-2
Added Pin To Net: NetName=NetC2_A_2 Pin=C5_A-2
Added Pin To Net: NetName=NetC2_A_2 Pin=R1_A-1
Added Pin To Net: NetName=NetC2_A_2 Pin=R8_A-1
Added Net: Name=NetC2_A_2
Added Pin To Net: NetName=NetC2_B_1 Pin=C2_B-1
Added Pin To Net: NetName=NetC2_B_1 Pin=R4_B-1
Added Pin To Net: NetName=NetC2_B_1 Pin=U1-32
Added Pin To Net: NetName=NetC2_B_1 Pin=U2_B-7
Added Net: Name=NetC2_B_1
Added Pin To Net: NetName=NetC2_B_2 Pin=C2_B-2
Added Pin To Net: NetName=NetC2_B_2 Pin=C5_B-2
Added Pin To Net: NetName=NetC2_B_2 Pin=R1_B-1
Added Pin To Net: NetName=NetC2_B_2 Pin=R8_B-1
Added Net: Name=NetC2_B_2
Added Pin To Net: NetName=NetC2_C_1 Pin=C2_C-1
Added Pin To Net: NetName=NetC2_C_1 Pin=R4_C-1
Added Pin To Net: NetName=NetC2_C_1 Pin=U1-37
Added Pin To Net: NetName=NetC2_C_1 Pin=U2_C-7
Added Net: Name=NetC2_C_1
Added Pin To Net: NetName=NetC2_C_2 Pin=C2_C-2
Added Pin To Net: NetName=NetC2_C_2 Pin=C5_C-2
Added Pin To Net: NetName=NetC2_C_2 Pin=R1_C-1
Added Pin To Net: NetName=NetC2_C_2 Pin=R8_C-1
Added Net: Name=NetC2_C_2
Added Pin To Net: NetName=NetC2_D_1 Pin=C2_D-1
Added Pin To Net: NetName=NetC2_D_1 Pin=R4_D-1
Added Pin To Net: NetName=NetC2_D_1 Pin=U1-40
Added Pin To Net: NetName=NetC2_D_1 Pin=U2_D-7
Added Net: Name=NetC2_D_1
Added Pin To Net: NetName=NetC2_D_2 Pin=C2_D-2
Added Pin To Net: NetName=NetC2_D_2 Pin=C5_D-2
Added Pin To Net: NetName=NetC2_D_2 Pin=R1_D-1
Added Pin To Net: NetName=NetC2_D_2 Pin=R8_D-1
Added Net: Name=NetC2_D_2
Added Pin To Net: NetName=NetC3_A_1 Pin=C3_A-1
Added Pin To Net: NetName=NetC3_A_1 Pin=PA-1
Added Net: Name=NetC3_A_1
Added Pin To Net: NetName=NetC3_A_2 Pin=C3_A-2
Added Pin To Net: NetName=NetC3_A_2 Pin=R2_A-2
Added Pin To Net: NetName=NetC3_A_2 Pin=R5_A-2
Added Pin To Net: NetName=NetC3_A_2 Pin=R6_A-1
Added Net: Name=NetC3_A_2
Added Pin To Net: NetName=NetC3_B_1 Pin=C3_B-1
Added Pin To Net: NetName=NetC3_B_1 Pin=PB-1
Added Net: Name=NetC3_B_1
Added Pin To Net: NetName=NetC3_B_2 Pin=C3_B-2
Added Pin To Net: NetName=NetC3_B_2 Pin=R2_B-2
Added Pin To Net: NetName=NetC3_B_2 Pin=R5_B-2
Added Pin To Net: NetName=NetC3_B_2 Pin=R6_B-1
Added Net: Name=NetC3_B_2
Added Pin To Net: NetName=NetC3_C_1 Pin=C3_C-1
Added Pin To Net: NetName=NetC3_C_1 Pin=PC-1
Added Net: Name=NetC3_C_1
Added Pin To Net: NetName=NetC3_C_2 Pin=C3_C-2
Added Pin To Net: NetName=NetC3_C_2 Pin=R2_C-2
Added Pin To Net: NetName=NetC3_C_2 Pin=R5_C-2
Added Pin To Net: NetName=NetC3_C_2 Pin=R6_C-1
Added Net: Name=NetC3_C_2
Added Pin To Net: NetName=NetC3_D_1 Pin=C3_D-1
Added Pin To Net: NetName=NetC3_D_1 Pin=PD-1
Added Net: Name=NetC3_D_1
Added Pin To Net: NetName=NetC3_D_2 Pin=C3_D-2
Added Pin To Net: NetName=NetC3_D_2 Pin=R2_D-2
Added Pin To Net: NetName=NetC3_D_2 Pin=R5_D-2
Added Pin To Net: NetName=NetC3_D_2 Pin=R6_D-1
Added Net: Name=NetC3_D_2
Added Pin To Net: NetName=NetC4_A_2 Pin=C4_A-2
Added Pin To Net: NetName=NetC4_A_2 Pin=R3_A-1
Added Pin To Net: NetName=NetC4_A_2 Pin=U2_A-2
Added Net: Name=NetC4_A_2
Added Pin To Net: NetName=NetC4_B_2 Pin=C4_B-2
Added Pin To Net: NetName=NetC4_B_2 Pin=R3_B-1
Added Pin To Net: NetName=NetC4_B_2 Pin=U2_B-2
Added Net: Name=NetC4_B_2
Added Pin To Net: NetName=NetC4_C_2 Pin=C4_C-2
Added Pin To Net: NetName=NetC4_C_2 Pin=R3_C-1
Added Pin To Net: NetName=NetC4_C_2 Pin=U2_C-2
Added Net: Name=NetC4_C_2
Added Pin To Net: NetName=NetC4_D_2 Pin=C4_D-2
Added Pin To Net: NetName=NetC4_D_2 Pin=R3_D-1
Added Pin To Net: NetName=NetC4_D_2 Pin=U2_D-2
Added Net: Name=NetC4_D_2
Added Pin To Net: NetName=NetC5_A_1 Pin=C5_A-1
Added Pin To Net: NetName=NetC5_A_1 Pin=R4_A-2
Added Pin To Net: NetName=NetC5_A_1 Pin=U2_A-6
Added Net: Name=NetC5_A_1
Added Pin To Net: NetName=NetC5_B_1 Pin=C5_B-1
Added Pin To Net: NetName=NetC5_B_1 Pin=R4_B-2
Added Pin To Net: NetName=NetC5_B_1 Pin=U2_B-6
Added Net: Name=NetC5_B_1
Added Pin To Net: NetName=NetC5_C_1 Pin=C5_C-1
Added Pin To Net: NetName=NetC5_C_1 Pin=R4_C-2
Added Pin To Net: NetName=NetC5_C_1 Pin=U2_C-6
Added Net: Name=NetC5_C_1
Added Pin To Net: NetName=NetC5_D_1 Pin=C5_D-1
Added Pin To Net: NetName=NetC5_D_1 Pin=R4_D-2
Added Pin To Net: NetName=NetC5_D_1 Pin=U2_D-6
Added Net: Name=NetC5_D_1
Added Pin To Net: NetName=NetC6_2 Pin=C6-2
Added Pin To Net: NetName=NetC6_2 Pin=C7-2
Added Pin To Net: NetName=NetC6_2 Pin=U1-5
Added Pin To Net: NetName=NetC6_2 Pin=U1-26
Added Net: Name=NetC6_2
Added Pin To Net: NetName=NetC10_2 Pin=C10-2
Added Pin To Net: NetName=NetC10_2 Pin=U1-30
Added Net: Name=NetC10_2
Added Pin To Net: NetName=NetC11_2 Pin=C11-2
Added Pin To Net: NetName=NetC11_2 Pin=U1-38
Added Net: Name=NetC11_2
Added Pin To Net: NetName=NetC12_2 Pin=C12-2
Added Pin To Net: NetName=NetC12_2 Pin=U1-39
Added Net: Name=NetC12_2
Added Pin To Net: NetName=NetC13_2 Pin=C13-2
Added Pin To Net: NetName=NetC13_2 Pin=U1-2
Added Net: Name=NetC13_2
Added Pin To Net: NetName=NetU1_10 Pin=U1-10
Added Net: Name=NetU1_10
Added Pin To Net: NetName=NetU1_11 Pin=U1-11
Added Net: Name=NetU1_11
Added Pin To Net: NetName=NetU1_12 Pin=U1-12
Added Net: Name=NetU1_12
Added Pin To Net: NetName=NetU1_13 Pin=U1-13
Added Net: Name=NetU1_13
Added Pin To Net: NetName=NetU1_14 Pin=U1-14
Added Net: Name=NetU1_14
Added Pin To Net: NetName=NetU1_15 Pin=U1-15
Added Net: Name=NetU1_15
Added Pin To Net: NetName=NetU1_16 Pin=U1-16
Added Net: Name=NetU1_16
Added Pin To Net: NetName=NetU1_18 Pin=U1-18
Added Net: Name=NetU1_18
Added Pin To Net: NetName=NetU1_21 Pin=U1-21
Added Net: Name=NetU1_21
Added Class: Name=A
Added Class: Name=B
Added Class: Name=C
Added Class: Name=D
Added Class: Name=Top_level
Added Class: Name=U_ADC
Added Class: Name=U_Power
Added Class: Name=Active_filter
Added Room: Name=A
Added Room: Name=B
Added Room: Name=C
Added Room: Name=D
Added Room: Name=Top_level
Added Room: Name=U_ADC
Added Room: Name=U_Power
