Change Component Designator: OldDesignator=C16 NewDesignator=C16_A4
Change Component Designator: OldDesignator=P2 NewDesignator=P2_A4
Change Component Designator: OldDesignator=R15 NewDesignator=R15_A4
Change Component Designator: OldDesignator=R16 NewDesignator=R16_A4
Change Component Designator: OldDesignator=R17 NewDesignator=R17_A4
Change Component Designator: OldDesignator=R18 NewDesignator=R18_A4
Change Component Designator: OldDesignator=U3 NewDesignator=U3_A4
Added Component: Designator=C16_A1(1608[0603])
Added Component: Designator=C16_A2(1608[0603])
Added Component: Designator=C16_A3(1608[0603])
Added Component: Designator=P2_A1(HDR1X3)
Added Component: Designator=P2_A2(HDR1X3)
Added Component: Designator=P2_A3(HDR1X3)
Added Component: Designator=R15_A1(VR5)
Added Component: Designator=R15_A2(VR5)
Added Component: Designator=R15_A3(VR5)
Added Component: Designator=R16_A1(VR5)
Added Component: Designator=R16_A2(VR5)
Added Component: Designator=R16_A3(VR5)
Added Component: Designator=R17_A1(J1-0603)
Added Component: Designator=R17_A2(J1-0603)
Added Component: Designator=R17_A3(J1-0603)
Added Component: Designator=R18_A1(J1-0603)
Added Component: Designator=R18_A2(J1-0603)
Added Component: Designator=R18_A3(J1-0603)
Added Component: Designator=U3_A1(SOIC127P600X175-8N(lm358))
Added Component: Designator=U3_A2(SOIC127P600X175-8N(lm358))
Added Component: Designator=U3_A3(SOIC127P600X175-8N(lm358))
Added Pin To Net: NetName=GND Pin=C16_A1-1
Added Pin To Net: NetName=3.3V Pin=C16_A1-2
Added Pin To Net: NetName=GND Pin=C16_A2-1
Added Pin To Net: NetName=3.3V Pin=C16_A2-2
Added Pin To Net: NetName=GND Pin=C16_A3-1
Added Pin To Net: NetName=3.3V Pin=C16_A3-2
Added Pin To Net: NetName=GND Pin=R17_A1-1
Added Pin To Net: NetName=GND Pin=R17_A2-1
Added Pin To Net: NetName=GND Pin=R17_A3-1
Added Pin To Net: NetName=GND Pin=R18_A1-1
Added Pin To Net: NetName=GND Pin=R18_A2-1
Added Pin To Net: NetName=GND Pin=R18_A3-1
Added Pin To Net: NetName=NetC2_D_2 Pin=U3_A1-3
Added Pin To Net: NetName=GND Pin=U3_A1-4
Added Pin To Net: NetName=3.3V Pin=U3_A1-8
Added Pin To Net: NetName=NetC2_C_2 Pin=U3_A2-3
Added Pin To Net: NetName=GND Pin=U3_A2-4
Added Pin To Net: NetName=3.3V Pin=U3_A2-8
Added Pin To Net: NetName=NetC2_B_2 Pin=U3_A3-3
Added Pin To Net: NetName=GND Pin=U3_A3-4
Added Pin To Net: NetName=3.3V Pin=U3_A3-8
Change Net Name : Old Net Name=NetP2_1 New Net Name=NetP2_A4_1
Change Net Name : Old Net Name=NetP2_2 New Net Name=NetP2_A4_2
Change Net Name : Old Net Name=NetP2_3 New Net Name=NetP2_A4_3
Change Net Name : Old Net Name=NetR15_2 New Net Name=NetR15_A4_2
Change Net Name : Old Net Name=NetR15_3 New Net Name=NetR15_A4_3
Change Net Name : Old Net Name=NetR16_2 New Net Name=NetR16_A4_2
Added Pin To Net: NetName=NetP2_A1_1 Pin=P2_A1-1
Added Pin To Net: NetName=NetP2_A1_1 Pin=R16_A1-3
Added Net: Name=NetP2_A1_1
Added Pin To Net: NetName=NetP2_A1_2 Pin=P2_A1-2
Added Pin To Net: NetName=NetP2_A1_2 Pin=U3_A1-7
Added Net: Name=NetP2_A1_2
Added Pin To Net: NetName=NetP2_A1_3 Pin=P2_A1-3
Added Net: Name=NetP2_A1_3
Added Pin To Net: NetName=NetP2_A2_1 Pin=P2_A2-1
Added Pin To Net: NetName=NetP2_A2_1 Pin=R16_A2-3
Added Net: Name=NetP2_A2_1
Added Pin To Net: NetName=NetP2_A2_2 Pin=P2_A2-2
Added Pin To Net: NetName=NetP2_A2_2 Pin=U3_A2-7
Added Net: Name=NetP2_A2_2
Added Pin To Net: NetName=NetP2_A2_3 Pin=P2_A2-3
Added Net: Name=NetP2_A2_3
Added Pin To Net: NetName=NetP2_A3_1 Pin=P2_A3-1
Added Pin To Net: NetName=NetP2_A3_1 Pin=R16_A3-3
Added Net: Name=NetP2_A3_1
Added Pin To Net: NetName=NetP2_A3_2 Pin=P2_A3-2
Added Pin To Net: NetName=NetP2_A3_2 Pin=U3_A3-7
Added Net: Name=NetP2_A3_2
Added Pin To Net: NetName=NetP2_A3_3 Pin=P2_A3-3
Added Net: Name=NetP2_A3_3
Added Pin To Net: NetName=NetR15_A1_2 Pin=R15_A1-2
Added Pin To Net: NetName=NetR15_A1_2 Pin=R17_A1-2
Added Pin To Net: NetName=NetR15_A1_2 Pin=U3_A1-2
Added Net: Name=NetR15_A1_2
Added Pin To Net: NetName=NetR15_A1_3 Pin=R15_A1-3
Added Pin To Net: NetName=NetR15_A1_3 Pin=U3_A1-1
Added Pin To Net: NetName=NetR15_A1_3 Pin=U3_A1-5
Added Net: Name=NetR15_A1_3
Added Pin To Net: NetName=NetR15_A2_2 Pin=R15_A2-2
Added Pin To Net: NetName=NetR15_A2_2 Pin=R17_A2-2
Added Pin To Net: NetName=NetR15_A2_2 Pin=U3_A2-2
Added Net: Name=NetR15_A2_2
Added Pin To Net: NetName=NetR15_A2_3 Pin=R15_A2-3
Added Pin To Net: NetName=NetR15_A2_3 Pin=U3_A2-1
Added Pin To Net: NetName=NetR15_A2_3 Pin=U3_A2-5
Added Net: Name=NetR15_A2_3
Added Pin To Net: NetName=NetR15_A3_2 Pin=R15_A3-2
Added Pin To Net: NetName=NetR15_A3_2 Pin=R17_A3-2
Added Pin To Net: NetName=NetR15_A3_2 Pin=U3_A3-2
Added Net: Name=NetR15_A3_2
Added Pin To Net: NetName=NetR15_A3_3 Pin=R15_A3-3
Added Pin To Net: NetName=NetR15_A3_3 Pin=U3_A3-1
Added Pin To Net: NetName=NetR15_A3_3 Pin=U3_A3-5
Added Net: Name=NetR15_A3_3
Added Pin To Net: NetName=NetR16_A1_2 Pin=R16_A1-2
Added Pin To Net: NetName=NetR16_A1_2 Pin=R18_A1-2
Added Pin To Net: NetName=NetR16_A1_2 Pin=U3_A1-6
Added Net: Name=NetR16_A1_2
Added Pin To Net: NetName=NetR16_A2_2 Pin=R16_A2-2
Added Pin To Net: NetName=NetR16_A2_2 Pin=R18_A2-2
Added Pin To Net: NetName=NetR16_A2_2 Pin=U3_A2-6
Added Net: Name=NetR16_A2_2
Added Pin To Net: NetName=NetR16_A3_2 Pin=R16_A3-2
Added Pin To Net: NetName=NetR16_A3_2 Pin=R18_A3-2
Added Pin To Net: NetName=NetR16_A3_2 Pin=U3_A3-6
Added Net: Name=NetR16_A3_2
Change Class Name : Old Net Name=A New Net Name=A4
Added Class: Name=A1
Added Class: Name=A2
Added Class: Name=A3
Added Class: Name=A
Added Class: Name=Amp_Stage
Added Room: Name=A1
Added Room: Name=A2
Added Room: Name=A3
Added Room: Name=A4
Added Room: Name=A
Added Room: Name=B
Added Room: Name=C
Added Room: Name=D
Added Room: Name=Top_level
Added Room: Name=U_ADC
