Removed Pin From Net: NetName=3.3V Pin=C5_A-2
Removed Pin From Net: NetName=3.3V Pin=C8-1
Removed Pin From Net: NetName=3.3V Pin=C9-1
Removed Pin From Net: NetName=3.3V Pin=U1_A-8
Removed Pin From Net: NetName=3.3V Pin=U2-8
Removed Pin From Net: NetName=3.3V Pin=U2-22
Removed Pin From Net: NetName=5V Pin=VR1-1
Removed Pin From Net: NetName=GND Pin=VR1-2
Removed Pin From Net: NetName=3.3V Pin=VR1-3
Removed Member From Class: ClassName=U_Power Member=VR1
Added Component: Designator=*1(SOT230P700X170-4N)
Added Component: Designator=*(SOT230P700X170-4N)
Added Component: Designator=C17(1608[0603])
Added Component: Designator=C18(1608[0603])
Added Component: Designator=C19(1608[0603])
Added Component: Designator=C20(1608[0603])
Added Pin To Net: NetName=5V Pin=*1-1
Added Pin To Net: NetName=GND Pin=*1-2
Added Pin To Net: NetName=5V Pin=*-1
Added Pin To Net: NetName=AGND Pin=*-2
Added Pin To Net: NetName=AGND Pin=C17-1
Added Pin To Net: NetName=5V Pin=C17-2
Added Pin To Net: NetName=AGND Pin=C18-1
Added Pin To Net: NetName=GND Pin=C19-1
Added Pin To Net: NetName=5V Pin=C19-2
Added Pin To Net: NetName=GND Pin=C20-1
Added Pin To Net: NetName=3.3V_A Pin=*-3
Added Pin To Net: NetName=3.3V_A Pin=C5_A-2
Added Pin To Net: NetName=3.3V_A Pin=C8-1
Added Pin To Net: NetName=3.3V_A Pin=C9-1
Added Pin To Net: NetName=3.3V_A Pin=C18-2
Added Pin To Net: NetName=3.3V_A Pin=U1_A-8
Added Pin To Net: NetName=3.3V_A Pin=U2-8
Added Pin To Net: NetName=3.3V_A Pin=U2-22
Added Net: Name=3.3V_A
Added Pin To Net: NetName=Net*1_3 Pin=*1-3
Added Pin To Net: NetName=Net*1_3 Pin=C20-2
Added Net: Name=Net*1_3
Added Member To Class: ClassName=U_Power Member=Component *1 LM3940
Added Member To Class: ClassName=U_Power Member=Component * LM3940
Added Member To Class: ClassName=U_Power Member=Component C17 Cap
Added Member To Class: ClassName=U_Power Member=Component C18 Cap
Added Member To Class: ClassName=U_Power Member=Component C19 Cap
Added Member To Class: ClassName=U_Power Member=Component C20 Cap
Added Room: Name=A
Added Room: Name=A
Added Room: Name=B
Added Room: Name=B
Added Room: Name=C
Added Room: Name=C
Added Room: Name=D
Added Room: Name=D
Added Room: Name=Top_level
Added Room: Name=U_ADC
