Added Component: Designator=U*(SOIC127P1030X265-24N(AD5204))
Added Pin To Net: NetName=NetP2_C_3 Pin=U*-14
Added Pin To Net: NetName=NetR16_C_2 Pin=U*-15
Added Pin To Net: NetName=NetP2_A_3 Pin=U*-17
Added Pin To Net: NetName=NetR16_A_2 Pin=U*-18
Added Pin To Net: NetName=NetR16_B_2 Pin=U*-19
Added Pin To Net: NetName=NetP2_B_3 Pin=U*-20
Added Pin To Net: NetName=NetR16_D_2 Pin=U*-22
Added Pin To Net: NetName=NetP2_D_3 Pin=U*-23
Change Net Name : Old Net Name=NetP2_A_3 New Net Name=DO_A
Change Net Name : Old Net Name=NetP2_B_3 New Net Name=DO_B
Change Net Name : Old Net Name=NetP2_C_3 New Net Name=DO_C
Change Net Name : Old Net Name=NetP2_D_3 New Net Name=DO_D
Change Net Name : Old Net Name=NetR16_A_2 New Net Name=DI_A
Change Net Name : Old Net Name=NetR16_B_2 New Net Name=DI_B
Change Net Name : Old Net Name=NetR16_C_2 New Net Name=DI_C
Change Net Name : Old Net Name=NetR16_D_2 New Net Name=DI_D
Added Member To Class: ClassName=Top_level Member=Component U* AD5204
Added Room: Name=A
Added Room: Name=A
Added Room: Name=B
Added Room: Name=B
Added Room: Name=C
Added Room: Name=C
Added Room: Name=D
Added Room: Name=D
Added Room: Name=Top_level
Added Room: Name=U_ADC
Added Room: Name=U_Power
