Removed Pin From Net: NetName=GND Pin=C5_A-1
Removed Pin From Net: NetName=GND Pin=C5_B-1
Removed Pin From Net: NetName=GND Pin=C5_C-1
Removed Pin From Net: NetName=GND Pin=C5_D-1
Removed Pin From Net: NetName=GND Pin=U1_A-4
Removed Pin From Net: NetName=GND Pin=U1_B-4
Removed Pin From Net: NetName=GND Pin=U1_C-4
Removed Pin From Net: NetName=GND Pin=U1_D-4
Added Pin To Net: NetName=AGND Pin=C5_A-1
Added Pin To Net: NetName=AGND Pin=C5_B-1
Added Pin To Net: NetName=AGND Pin=C5_C-1
Added Pin To Net: NetName=AGND Pin=C5_D-1
Added Pin To Net: NetName=AGND Pin=P1_A-2
Added Pin To Net: NetName=AGND Pin=P1_A-2
Added Pin To Net: NetName=AGND Pin=P1_A-2
Added Pin To Net: NetName=AGND Pin=P1_B-2
Added Pin To Net: NetName=AGND Pin=P1_B-2
Added Pin To Net: NetName=AGND Pin=P1_B-2
Added Pin To Net: NetName=AGND Pin=P1_C-2
Added Pin To Net: NetName=AGND Pin=P1_C-2
Added Pin To Net: NetName=AGND Pin=P1_C-2
Added Pin To Net: NetName=AGND Pin=P1_D-2
Added Pin To Net: NetName=AGND Pin=P1_D-2
Added Pin To Net: NetName=AGND Pin=P1_D-2
Added Pin To Net: NetName=AGND Pin=U1_A-4
Added Pin To Net: NetName=AGND Pin=U1_B-4
Added Pin To Net: NetName=AGND Pin=U1_C-4
Added Pin To Net: NetName=AGND Pin=U1_D-4
Added Room: Name=A
Added Room: Name=A
Added Room: Name=U_ADC
