Added Component: Designator=C1_A(1608[0603])
Added Component: Designator=C1_B(1608[0603])
Added Component: Designator=C1_C(1608[0603])
Added Component: Designator=C1_D(1608[0603])
Added Component: Designator=C2_A(1608[0603])
Added Component: Designator=C2_B(1608[0603])
Added Component: Designator=C2_C(1608[0603])
Added Component: Designator=C2_D(1608[0603])
Added Component: Designator=C3_A(1608[0603])
Added Component: Designator=C3_B(1608[0603])
Added Component: Designator=C3_C(1608[0603])
Added Component: Designator=C3_D(1608[0603])
Added Component: Designator=C4_A(1608[0603])
Added Component: Designator=C4_B(1608[0603])
Added Component: Designator=C4_C(1608[0603])
Added Component: Designator=C4_D(1608[0603])
Added Component: Designator=C5_A(1608[0603])
Added Component: Designator=C5_B(1608[0603])
Added Component: Designator=C5_C(1608[0603])
Added Component: Designator=C5_D(1608[0603])
Added Component: Designator=C6(1608[0603])
Added Component: Designator=C7(1608[0603])
Added Component: Designator=C8(1608[0603])
Added Component: Designator=C9(1608[0603])
Added Component: Designator=C10(1608[0603])
Added Component: Designator=C11(1608[0603])
Added Component: Designator=C12(1608[0603])
Added Component: Designator=C13(1608[0603])
Added Component: Designator=C14(1608[0603])
Added Component: Designator=C15(1608[0603])
Added Component: Designator=C16(1608[0603])
Added Component: Designator=P1_A(BNC_RA CON)
Added Component: Designator=P1_B(BNC_RA CON)
Added Component: Designator=P1_C(BNC_RA CON)
Added Component: Designator=P1_D(BNC_RA CON)
Added Component: Designator=P2(HDR1X3)
Added Component: Designator=R1_A(1608[0603])
Added Component: Designator=R1_B(1608[0603])
Added Component: Designator=R1_C(1608[0603])
Added Component: Designator=R1_D(1608[0603])
Added Component: Designator=R2_A(J1-0603)
Added Component: Designator=R2_B(J1-0603)
Added Component: Designator=R2_C(J1-0603)
Added Component: Designator=R2_D(J1-0603)
Added Component: Designator=R3_A(1608[0603])
Added Component: Designator=R3_B(1608[0603])
Added Component: Designator=R3_C(1608[0603])
Added Component: Designator=R3_D(1608[0603])
Added Component: Designator=R4_A(J1-0603)
Added Component: Designator=R4_B(J1-0603)
Added Component: Designator=R4_C(J1-0603)
Added Component: Designator=R4_D(J1-0603)
Added Component: Designator=R5_A(J1-0603)
Added Component: Designator=R5_B(J1-0603)
Added Component: Designator=R5_C(J1-0603)
Added Component: Designator=R5_D(J1-0603)
Added Component: Designator=R6_A(1608[0603])
Added Component: Designator=R6_B(1608[0603])
Added Component: Designator=R6_C(1608[0603])
Added Component: Designator=R6_D(1608[0603])
Added Component: Designator=R7(J1-0603)
Added Component: Designator=R8(J1-0603)
Added Component: Designator=R9(J1-0603)
Added Component: Designator=R10(J1-0603)
Added Component: Designator=R11(J1-0603)
Added Component: Designator=R12(J1-0603)
Added Component: Designator=R13(J1-0603)
Added Component: Designator=R14(J1-0603)
Added Component: Designator=R15(VR5)
Added Component: Designator=R16(VR5)
Added Component: Designator=R17(J1-0603)
Added Component: Designator=R18(J1-0603)
Added Component: Designator=U1_A(SOIC127P600X150-8N(LT6233))
Added Component: Designator=U1_B(SOIC127P600X150-8N(LT6233))
Added Component: Designator=U1_C(SOIC127P600X150-8N(LT6233))
Added Component: Designator=U1_D(SOIC127P600X150-8N(LT6233))
Added Component: Designator=U2(21-0141I_T406600)
Added Component: Designator=U3(SOIC127P600X175-8N(lm358))
Added Component: Designator=U_AB1(SOIC127P600X175-8N(lm358))
Added Component: Designator=U_CD1(SOIC127P600X175-8N(lm358))
Added Component: Designator=VR1(D2PAK_N)
Added Pin To Net: NetName=3.3V Pin=C5_A-2
Added Pin To Net: NetName=3.3V Pin=C5_B-2
Added Pin To Net: NetName=3.3V Pin=C5_C-2
Added Pin To Net: NetName=3.3V Pin=C5_D-2
Added Pin To Net: NetName=3.3V Pin=C8-1
Added Pin To Net: NetName=3.3V Pin=C9-1
Added Pin To Net: NetName=3.3V Pin=C14-2
Added Pin To Net: NetName=3.3V Pin=C15-2
Added Pin To Net: NetName=3.3V Pin=C16-2
Added Pin To Net: NetName=3.3V Pin=R7-2
Added Pin To Net: NetName=3.3V Pin=R11-2
Added Pin To Net: NetName=3.3V Pin=U1_A-8
Added Pin To Net: NetName=3.3V Pin=U1_B-8
Added Pin To Net: NetName=3.3V Pin=U1_C-8
Added Pin To Net: NetName=3.3V Pin=U1_D-8
Added Pin To Net: NetName=3.3V Pin=U2-8
Added Pin To Net: NetName=3.3V Pin=U2-22
Added Pin To Net: NetName=3.3V Pin=U3-8
Added Pin To Net: NetName=3.3V Pin=U_AB1-8
Added Pin To Net: NetName=3.3V Pin=U_CD1-8
Added Pin To Net: NetName=3.3V Pin=VR1-3
Added Net: Name=3.3V
Added Pin To Net: NetName=5V Pin=VR1-1
Added Net: Name=5V
Added Pin To Net: NetName=AGND Pin=C6-1
Added Pin To Net: NetName=AGND Pin=C7-1
Added Pin To Net: NetName=AGND Pin=C10-1
Added Pin To Net: NetName=AGND Pin=C11-1
Added Pin To Net: NetName=AGND Pin=C12-1
Added Pin To Net: NetName=AGND Pin=C13-1
Added Pin To Net: NetName=AGND Pin=U2-1
Added Pin To Net: NetName=AGND Pin=U2-3
Added Pin To Net: NetName=AGND Pin=U2-6
Added Pin To Net: NetName=AGND Pin=U2-17
Added Pin To Net: NetName=AGND Pin=U2-24
Added Pin To Net: NetName=AGND Pin=U2-31
Added Pin To Net: NetName=AGND Pin=U2-33
Added Pin To Net: NetName=AGND Pin=U2-35
Added Pin To Net: NetName=AGND Pin=U2-36
Added Pin To Net: NetName=AGND Pin=U2-41
Added Net: Name=AGND
Added Pin To Net: NetName=GND Pin=C5_A-1
Added Pin To Net: NetName=GND Pin=C5_B-1
Added Pin To Net: NetName=GND Pin=C5_C-1
Added Pin To Net: NetName=GND Pin=C5_D-1
Added Pin To Net: NetName=GND Pin=C8-2
Added Pin To Net: NetName=GND Pin=C9-2
Added Pin To Net: NetName=GND Pin=C14-1
Added Pin To Net: NetName=GND Pin=C15-1
Added Pin To Net: NetName=GND Pin=C16-1
Added Pin To Net: NetName=GND Pin=R9-1
Added Pin To Net: NetName=GND Pin=R13-1
Added Pin To Net: NetName=GND Pin=R17-1
Added Pin To Net: NetName=GND Pin=R18-1
Added Pin To Net: NetName=GND Pin=U1_A-4
Added Pin To Net: NetName=GND Pin=U1_B-4
Added Pin To Net: NetName=GND Pin=U1_C-4
Added Pin To Net: NetName=GND Pin=U1_D-4
Added Pin To Net: NetName=GND Pin=U2-7
Added Pin To Net: NetName=GND Pin=U2-23
Added Pin To Net: NetName=GND Pin=U3-4
Added Pin To Net: NetName=GND Pin=U_AB1-4
Added Pin To Net: NetName=GND Pin=U_CD1-4
Added Pin To Net: NetName=GND Pin=VR1-2
Added Net: Name=GND
Added Pin To Net: NetName=NetC1_A_1 Pin=C1_A-1
Added Pin To Net: NetName=NetC1_A_1 Pin=C3_A-1
Added Pin To Net: NetName=NetC1_A_1 Pin=R3_A-1
Added Pin To Net: NetName=NetC1_A_1 Pin=R6_A-2
Added Net: Name=NetC1_A_1
Added Pin To Net: NetName=NetC1_A_2 Pin=C1_A-2
Added Pin To Net: NetName=NetC1_A_2 Pin=R1_A-2
Added Pin To Net: NetName=NetC1_A_2 Pin=R4_A-2
Added Pin To Net: NetName=NetC1_A_2 Pin=U1_A-1
Added Net: Name=NetC1_A_2
Added Pin To Net: NetName=NetC1_B_1 Pin=C1_B-1
Added Pin To Net: NetName=NetC1_B_1 Pin=C3_B-1
Added Pin To Net: NetName=NetC1_B_1 Pin=R3_B-1
Added Pin To Net: NetName=NetC1_B_1 Pin=R6_B-2
Added Net: Name=NetC1_B_1
Added Pin To Net: NetName=NetC1_B_2 Pin=C1_B-2
Added Pin To Net: NetName=NetC1_B_2 Pin=R1_B-2
Added Pin To Net: NetName=NetC1_B_2 Pin=R4_B-2
Added Pin To Net: NetName=NetC1_B_2 Pin=U1_B-1
Added Net: Name=NetC1_B_2
Added Pin To Net: NetName=NetC1_C_1 Pin=C1_C-1
Added Pin To Net: NetName=NetC1_C_1 Pin=C3_C-1
Added Pin To Net: NetName=NetC1_C_1 Pin=R3_C-1
Added Pin To Net: NetName=NetC1_C_1 Pin=R6_C-2
Added Net: Name=NetC1_C_1
Added Pin To Net: NetName=NetC1_C_2 Pin=C1_C-2
Added Pin To Net: NetName=NetC1_C_2 Pin=R1_C-2
Added Pin To Net: NetName=NetC1_C_2 Pin=R4_C-2
Added Pin To Net: NetName=NetC1_C_2 Pin=U1_C-1
Added Net: Name=NetC1_C_2
Added Pin To Net: NetName=NetC1_D_1 Pin=C1_D-1
Added Pin To Net: NetName=NetC1_D_1 Pin=C3_D-1
Added Pin To Net: NetName=NetC1_D_1 Pin=R3_D-1
Added Pin To Net: NetName=NetC1_D_1 Pin=R6_D-2
Added Net: Name=NetC1_D_1
Added Pin To Net: NetName=NetC1_D_2 Pin=C1_D-2
Added Pin To Net: NetName=NetC1_D_2 Pin=R1_D-2
Added Pin To Net: NetName=NetC1_D_2 Pin=R4_D-2
Added Pin To Net: NetName=NetC1_D_2 Pin=U1_D-1
Added Net: Name=NetC1_D_2
Added Pin To Net: NetName=NetC2_A_1 Pin=C2_A-1
Added Pin To Net: NetName=NetC2_A_1 Pin=C4_A-2
Added Pin To Net: NetName=NetC2_A_1 Pin=R4_A-1
Added Pin To Net: NetName=NetC2_A_1 Pin=R5_A-1
Added Net: Name=NetC2_A_1
Added Pin To Net: NetName=NetC2_A_2 Pin=C2_A-2
Added Pin To Net: NetName=NetC2_A_2 Pin=R2_A-1
Added Pin To Net: NetName=NetC2_A_2 Pin=U1_A-7
Added Pin To Net: NetName=NetC2_A_2 Pin=U3-3
Added Net: Name=NetC2_A_2
Added Pin To Net: NetName=NetC2_B_1 Pin=C2_B-1
Added Pin To Net: NetName=NetC2_B_1 Pin=C4_B-2
Added Pin To Net: NetName=NetC2_B_1 Pin=R4_B-1
Added Pin To Net: NetName=NetC2_B_1 Pin=R5_B-1
Added Net: Name=NetC2_B_1
Added Pin To Net: NetName=NetC2_B_2 Pin=C2_B-2
Added Pin To Net: NetName=NetC2_B_2 Pin=R2_B-1
Added Pin To Net: NetName=NetC2_B_2 Pin=U1_B-7
Added Net: Name=NetC2_B_2
Added Pin To Net: NetName=NetC2_C_1 Pin=C2_C-1
Added Pin To Net: NetName=NetC2_C_1 Pin=C4_C-2
Added Pin To Net: NetName=NetC2_C_1 Pin=R4_C-1
Added Pin To Net: NetName=NetC2_C_1 Pin=R5_C-1
Added Net: Name=NetC2_C_1
Added Pin To Net: NetName=NetC2_C_2 Pin=C2_C-2
Added Pin To Net: NetName=NetC2_C_2 Pin=R2_C-1
Added Pin To Net: NetName=NetC2_C_2 Pin=U1_C-7
Added Net: Name=NetC2_C_2
Added Pin To Net: NetName=NetC2_D_1 Pin=C2_D-1
Added Pin To Net: NetName=NetC2_D_1 Pin=C4_D-2
Added Pin To Net: NetName=NetC2_D_1 Pin=R4_D-1
Added Pin To Net: NetName=NetC2_D_1 Pin=R5_D-1
Added Net: Name=NetC2_D_1
Added Pin To Net: NetName=NetC2_D_2 Pin=C2_D-2
Added Pin To Net: NetName=NetC2_D_2 Pin=R2_D-1
Added Pin To Net: NetName=NetC2_D_2 Pin=U1_D-7
Added Net: Name=NetC2_D_2
Added Pin To Net: NetName=NetC3_A_2 Pin=C3_A-2
Added Pin To Net: NetName=NetC3_A_2 Pin=R1_A-1
Added Pin To Net: NetName=NetC3_A_2 Pin=U1_A-2
Added Net: Name=NetC3_A_2
Added Pin To Net: NetName=NetC3_B_2 Pin=C3_B-2
Added Pin To Net: NetName=NetC3_B_2 Pin=R1_B-1
Added Pin To Net: NetName=NetC3_B_2 Pin=U1_B-2
Added Net: Name=NetC3_B_2
Added Pin To Net: NetName=NetC3_C_2 Pin=C3_C-2
Added Pin To Net: NetName=NetC3_C_2 Pin=R1_C-1
Added Pin To Net: NetName=NetC3_C_2 Pin=U1_C-2
Added Net: Name=NetC3_C_2
Added Pin To Net: NetName=NetC3_D_2 Pin=C3_D-2
Added Pin To Net: NetName=NetC3_D_2 Pin=R1_D-1
Added Pin To Net: NetName=NetC3_D_2 Pin=U1_D-2
Added Net: Name=NetC3_D_2
Added Pin To Net: NetName=NetC4_A_1 Pin=C4_A-1
Added Pin To Net: NetName=NetC4_A_1 Pin=R2_A-2
Added Pin To Net: NetName=NetC4_A_1 Pin=U1_A-6
Added Net: Name=NetC4_A_1
Added Pin To Net: NetName=NetC4_B_1 Pin=C4_B-1
Added Pin To Net: NetName=NetC4_B_1 Pin=R2_B-2
Added Pin To Net: NetName=NetC4_B_1 Pin=U1_B-6
Added Net: Name=NetC4_B_1
Added Pin To Net: NetName=NetC4_C_1 Pin=C4_C-1
Added Pin To Net: NetName=NetC4_C_1 Pin=R2_C-2
Added Pin To Net: NetName=NetC4_C_1 Pin=U1_C-6
Added Net: Name=NetC4_C_1
Added Pin To Net: NetName=NetC4_D_1 Pin=C4_D-1
Added Pin To Net: NetName=NetC4_D_1 Pin=R2_D-2
Added Pin To Net: NetName=NetC4_D_1 Pin=U1_D-6
Added Net: Name=NetC4_D_1
Added Pin To Net: NetName=NetC6_2 Pin=C6-2
Added Pin To Net: NetName=NetC6_2 Pin=C7-2
Added Pin To Net: NetName=NetC6_2 Pin=U2-5
Added Pin To Net: NetName=NetC6_2 Pin=U2-26
Added Net: Name=NetC6_2
Added Pin To Net: NetName=NetC10_2 Pin=C10-2
Added Pin To Net: NetName=NetC10_2 Pin=U2-30
Added Net: Name=NetC10_2
Added Pin To Net: NetName=NetC11_2 Pin=C11-2
Added Pin To Net: NetName=NetC11_2 Pin=U2-38
Added Net: Name=NetC11_2
Added Pin To Net: NetName=NetC12_2 Pin=C12-2
Added Pin To Net: NetName=NetC12_2 Pin=U2-39
Added Net: Name=NetC12_2
Added Pin To Net: NetName=NetC13_2 Pin=C13-2
Added Pin To Net: NetName=NetC13_2 Pin=U2-2
Added Net: Name=NetC13_2
Added Pin To Net: NetName=NetP1_A_1 Pin=P1_A-1
Added Pin To Net: NetName=NetP1_A_1 Pin=R3_A-2
Added Net: Name=NetP1_A_1
Added Pin To Net: NetName=NetP1_B_1 Pin=P1_B-1
Added Pin To Net: NetName=NetP1_B_1 Pin=R3_B-2
Added Net: Name=NetP1_B_1
Added Pin To Net: NetName=NetP1_C_1 Pin=P1_C-1
Added Pin To Net: NetName=NetP1_C_1 Pin=R3_C-2
Added Net: Name=NetP1_C_1
Added Pin To Net: NetName=NetP1_D_1 Pin=P1_D-1
Added Pin To Net: NetName=NetP1_D_1 Pin=R3_D-2
Added Net: Name=NetP1_D_1
Added Pin To Net: NetName=NetP2_1 Pin=P2-1
Added Pin To Net: NetName=NetP2_1 Pin=R16-3
Added Net: Name=NetP2_1
Added Pin To Net: NetName=NetP2_2 Pin=P2-2
Added Pin To Net: NetName=NetP2_2 Pin=U3-7
Added Net: Name=NetP2_2
Added Pin To Net: NetName=NetP2_3 Pin=P2-3
Added Net: Name=NetP2_3
Added Pin To Net: NetName=NetR7_1 Pin=R7-1
Added Pin To Net: NetName=NetR7_1 Pin=R9-2
Added Pin To Net: NetName=NetR7_1 Pin=U_AB1-3
Added Pin To Net: NetName=NetR7_1 Pin=U_AB1-5
Added Net: Name=NetR7_1
Added Pin To Net: NetName=NetR8_1 Pin=R8-1
Added Pin To Net: NetName=NetR8_1 Pin=U_AB1-2
Added Net: Name=NetR8_1
Added Pin To Net: NetName=NetR10_1 Pin=R10-1
Added Pin To Net: NetName=NetR10_1 Pin=U_AB1-6
Added Net: Name=NetR10_1
Added Pin To Net: NetName=NetR11_1 Pin=R11-1
Added Pin To Net: NetName=NetR11_1 Pin=R13-2
Added Pin To Net: NetName=NetR11_1 Pin=U_CD1-3
Added Pin To Net: NetName=NetR11_1 Pin=U_CD1-5
Added Net: Name=NetR11_1
Added Pin To Net: NetName=NetR12_1 Pin=R12-1
Added Pin To Net: NetName=NetR12_1 Pin=U_CD1-2
Added Net: Name=NetR12_1
Added Pin To Net: NetName=NetR14_1 Pin=R14-1
Added Pin To Net: NetName=NetR14_1 Pin=U_CD1-6
Added Net: Name=NetR14_1
Added Pin To Net: NetName=NetR15_2 Pin=R15-2
Added Pin To Net: NetName=NetR15_2 Pin=R17-2
Added Pin To Net: NetName=NetR15_2 Pin=U3-2
Added Net: Name=NetR15_2
Added Pin To Net: NetName=NetR15_3 Pin=R15-3
Added Pin To Net: NetName=NetR15_3 Pin=U3-1
Added Pin To Net: NetName=NetR15_3 Pin=U3-5
Added Net: Name=NetR15_3
Added Pin To Net: NetName=NetR16_2 Pin=R16-2
Added Pin To Net: NetName=NetR16_2 Pin=R18-2
Added Pin To Net: NetName=NetR16_2 Pin=U3-6
Added Net: Name=NetR16_2
Added Pin To Net: NetName=NetU2_4 Pin=U2-4
Added Net: Name=NetU2_4
Added Pin To Net: NetName=NetU2_10 Pin=U2-10
Added Net: Name=NetU2_10
Added Pin To Net: NetName=NetU2_11 Pin=U2-11
Added Net: Name=NetU2_11
Added Pin To Net: NetName=NetU2_12 Pin=U2-12
Added Net: Name=NetU2_12
Added Pin To Net: NetName=NetU2_13 Pin=U2-13
Added Net: Name=NetU2_13
Added Pin To Net: NetName=NetU2_14 Pin=U2-14
Added Net: Name=NetU2_14
Added Pin To Net: NetName=NetU2_15 Pin=U2-15
Added Net: Name=NetU2_15
Added Pin To Net: NetName=NetU2_16 Pin=U2-16
Added Net: Name=NetU2_16
Added Pin To Net: NetName=NetU2_18 Pin=U2-18
Added Net: Name=NetU2_18
Added Pin To Net: NetName=NetU2_21 Pin=U2-21
Added Net: Name=NetU2_21
Added Pin To Net: NetName=NetU2_32 Pin=U2-32
Added Net: Name=NetU2_32
Added Pin To Net: NetName=NetU2_37 Pin=U2-37
Added Net: Name=NetU2_37
Added Pin To Net: NetName=NetU2_40 Pin=U2-40
Added Net: Name=NetU2_40
Added Pin To Net: NetName=VREF_A Pin=R5_A-2
Added Pin To Net: NetName=VREF_A Pin=R6_A-1
Added Pin To Net: NetName=VREF_A Pin=R8-2
Added Pin To Net: NetName=VREF_A Pin=U1_A-3
Added Pin To Net: NetName=VREF_A Pin=U1_A-5
Added Pin To Net: NetName=VREF_A Pin=U_AB1-1
Added Net: Name=VREF_A
Added Pin To Net: NetName=VREF_B Pin=R5_B-2
Added Pin To Net: NetName=VREF_B Pin=R6_B-1
Added Pin To Net: NetName=VREF_B Pin=R10-2
Added Pin To Net: NetName=VREF_B Pin=U1_B-3
Added Pin To Net: NetName=VREF_B Pin=U1_B-5
Added Pin To Net: NetName=VREF_B Pin=U_AB1-7
Added Net: Name=VREF_B
Added Pin To Net: NetName=VREF_C Pin=R5_C-2
Added Pin To Net: NetName=VREF_C Pin=R6_C-1
Added Pin To Net: NetName=VREF_C Pin=R12-2
Added Pin To Net: NetName=VREF_C Pin=U1_C-3
Added Pin To Net: NetName=VREF_C Pin=U1_C-5
Added Pin To Net: NetName=VREF_C Pin=U_CD1-1
Added Net: Name=VREF_C
Added Pin To Net: NetName=VREF_D Pin=R5_D-2
Added Pin To Net: NetName=VREF_D Pin=R6_D-1
Added Pin To Net: NetName=VREF_D Pin=R14-2
Added Pin To Net: NetName=VREF_D Pin=U1_D-3
Added Pin To Net: NetName=VREF_D Pin=U1_D-5
Added Pin To Net: NetName=VREF_D Pin=U_CD1-7
Added Net: Name=VREF_D
Added Class: Name=A
Added Class: Name=B
Added Class: Name=C
Added Class: Name=D
Added Class: Name=Top_level
Added Class: Name=U_ADC
Added Class: Name=U_Power
Added Class: Name=Active_filter
Added Room: Name=A
Added Room: Name=A
Added Room: Name=B
Added Room: Name=C
Added Room: Name=D
Added Room: Name=Top_level
Added Room: Name=U_ADC
Added Room: Name=U_Power
