Added Component: Designator=C1_U_Active_filter1(1608[0603])
Added Component: Designator=C1_U_Active_filter2(1608[0603])
Added Component: Designator=C1_U_Active_filter3(1608[0603])
Added Component: Designator=C1_U_Active_filter4(1608[0603])
Added Component: Designator=C2_U_Active_filter1(1608[0603])
Added Component: Designator=C2_U_Active_filter2(1608[0603])
Added Component: Designator=C2_U_Active_filter3(1608[0603])
Added Component: Designator=C2_U_Active_filter4(1608[0603])
Added Component: Designator=C3_U_Active_filter1(1608[0603])
Added Component: Designator=C3_U_Active_filter2(1608[0603])
Added Component: Designator=C3_U_Active_filter3(1608[0603])
Added Component: Designator=C3_U_Active_filter4(1608[0603])
Added Component: Designator=C4_U_Active_filter1(1608[0603])
Added Component: Designator=C4_U_Active_filter2(1608[0603])
Added Component: Designator=C4_U_Active_filter3(1608[0603])
Added Component: Designator=C4_U_Active_filter4(1608[0603])
Added Component: Designator=C5_U_Active_filter1(1608[0603])
Added Component: Designator=C5_U_Active_filter2(1608[0603])
Added Component: Designator=C5_U_Active_filter3(1608[0603])
Added Component: Designator=C5_U_Active_filter4(1608[0603])
Added Component: Designator=C6(1608[0603])
Added Component: Designator=C7(1608[0603])
Added Component: Designator=C8(1608[0603])
Added Component: Designator=C9(1608[0603])
Added Component: Designator=C10(1608[0603])
Added Component: Designator=C11(1608[0603])
Added Component: Designator=C12(1608[0603])
Added Component: Designator=C13(1608[0603])
Added Component: Designator=PA(BNC_RA CON)
Added Component: Designator=PB(BNC_RA CON)
Added Component: Designator=PC(BNC_RA CON)
Added Component: Designator=PD(BNC_RA CON)
Added Component: Designator=R1_U_Active_filter1(J1-0603)
Added Component: Designator=R1_U_Active_filter2(J1-0603)
Added Component: Designator=R1_U_Active_filter3(J1-0603)
Added Component: Designator=R1_U_Active_filter4(J1-0603)
Added Component: Designator=R2_U_Active_filter1(1608[0603])
Added Component: Designator=R2_U_Active_filter2(1608[0603])
Added Component: Designator=R2_U_Active_filter3(1608[0603])
Added Component: Designator=R2_U_Active_filter4(1608[0603])
Added Component: Designator=R3_U_Active_filter1(1608[0603])
Added Component: Designator=R3_U_Active_filter2(1608[0603])
Added Component: Designator=R3_U_Active_filter3(1608[0603])
Added Component: Designator=R3_U_Active_filter4(1608[0603])
Added Component: Designator=R4_U_Active_filter1(J1-0603)
Added Component: Designator=R4_U_Active_filter2(J1-0603)
Added Component: Designator=R4_U_Active_filter3(J1-0603)
Added Component: Designator=R4_U_Active_filter4(J1-0603)
Added Component: Designator=R5_U_Active_filter1(1608[0603])
Added Component: Designator=R5_U_Active_filter2(1608[0603])
Added Component: Designator=R5_U_Active_filter3(1608[0603])
Added Component: Designator=R5_U_Active_filter4(1608[0603])
Added Component: Designator=R6_U_Active_filter1(1608[0603])
Added Component: Designator=R6_U_Active_filter2(1608[0603])
Added Component: Designator=R6_U_Active_filter3(1608[0603])
Added Component: Designator=R6_U_Active_filter4(1608[0603])
Added Component: Designator=R7_U_Active_filter1(1608[0603])
Added Component: Designator=R7_U_Active_filter2(1608[0603])
Added Component: Designator=R7_U_Active_filter3(1608[0603])
Added Component: Designator=R7_U_Active_filter4(1608[0603])
Added Component: Designator=R8_U_Active_filter1(J1-0603)
Added Component: Designator=R8_U_Active_filter2(J1-0603)
Added Component: Designator=R8_U_Active_filter3(J1-0603)
Added Component: Designator=R8_U_Active_filter4(J1-0603)
Added Component: Designator=U1(21-0141I_T406600)
Added Component: Designator=U2_U_Active_filter1(SOIC127P600X150-8N)
Added Component: Designator=U2_U_Active_filter2(SOIC127P600X150-8N)
Added Component: Designator=U2_U_Active_filter3(SOIC127P600X150-8N)
Added Component: Designator=U2_U_Active_filter4(SOIC127P600X150-8N)
Added Component: Designator=VR?(D2PAK_N)
Added Pin To Net: NetName=3.3V Pin=C8-1
Added Pin To Net: NetName=3.3V Pin=C9-1
Added Pin To Net: NetName=3.3V Pin=R2_U_Active_filter1-1
Added Pin To Net: NetName=3.3V Pin=R2_U_Active_filter2-1
Added Pin To Net: NetName=3.3V Pin=R2_U_Active_filter3-1
Added Pin To Net: NetName=3.3V Pin=R2_U_Active_filter4-1
Added Pin To Net: NetName=3.3V Pin=U1-8
Added Pin To Net: NetName=3.3V Pin=U1-22
Added Pin To Net: NetName=3.3V Pin=U2_U_Active_filter1-8
Added Pin To Net: NetName=3.3V Pin=U2_U_Active_filter2-8
Added Pin To Net: NetName=3.3V Pin=U2_U_Active_filter3-8
Added Pin To Net: NetName=3.3V Pin=U2_U_Active_filter4-8
Added Pin To Net: NetName=3.3V Pin=VR?-3
Added Net: Name=3.3V
Added Pin To Net: NetName=5V Pin=VR?-1
Added Net: Name=5V
Added Pin To Net: NetName=AGND Pin=C6-1
Added Pin To Net: NetName=AGND Pin=C7-1
Added Pin To Net: NetName=AGND Pin=C10-1
Added Pin To Net: NetName=AGND Pin=C11-1
Added Pin To Net: NetName=AGND Pin=C12-1
Added Pin To Net: NetName=AGND Pin=C13-1
Added Pin To Net: NetName=AGND Pin=R6_U_Active_filter1-2
Added Pin To Net: NetName=AGND Pin=R6_U_Active_filter2-2
Added Pin To Net: NetName=AGND Pin=R6_U_Active_filter3-2
Added Pin To Net: NetName=AGND Pin=R6_U_Active_filter4-2
Added Pin To Net: NetName=AGND Pin=R7_U_Active_filter1-1
Added Pin To Net: NetName=AGND Pin=R7_U_Active_filter2-1
Added Pin To Net: NetName=AGND Pin=R7_U_Active_filter3-1
Added Pin To Net: NetName=AGND Pin=R7_U_Active_filter4-1
Added Pin To Net: NetName=AGND Pin=R8_U_Active_filter1-2
Added Pin To Net: NetName=AGND Pin=R8_U_Active_filter2-2
Added Pin To Net: NetName=AGND Pin=R8_U_Active_filter3-2
Added Pin To Net: NetName=AGND Pin=R8_U_Active_filter4-2
Added Pin To Net: NetName=AGND Pin=U1-1
Added Pin To Net: NetName=AGND Pin=U1-3
Added Pin To Net: NetName=AGND Pin=U1-6
Added Pin To Net: NetName=AGND Pin=U1-17
Added Pin To Net: NetName=AGND Pin=U1-24
Added Pin To Net: NetName=AGND Pin=U1-31
Added Pin To Net: NetName=AGND Pin=U1-33
Added Pin To Net: NetName=AGND Pin=U1-35
Added Pin To Net: NetName=AGND Pin=U1-36
Added Pin To Net: NetName=AGND Pin=U1-41
Added Pin To Net: NetName=AGND Pin=U2_U_Active_filter1-3
Added Pin To Net: NetName=AGND Pin=U2_U_Active_filter1-4
Added Pin To Net: NetName=AGND Pin=U2_U_Active_filter1-5
Added Pin To Net: NetName=AGND Pin=U2_U_Active_filter2-3
Added Pin To Net: NetName=AGND Pin=U2_U_Active_filter2-4
Added Pin To Net: NetName=AGND Pin=U2_U_Active_filter2-5
Added Pin To Net: NetName=AGND Pin=U2_U_Active_filter3-3
Added Pin To Net: NetName=AGND Pin=U2_U_Active_filter3-4
Added Pin To Net: NetName=AGND Pin=U2_U_Active_filter3-5
Added Pin To Net: NetName=AGND Pin=U2_U_Active_filter4-3
Added Pin To Net: NetName=AGND Pin=U2_U_Active_filter4-4
Added Pin To Net: NetName=AGND Pin=U2_U_Active_filter4-5
Added Net: Name=AGND
Added Pin To Net: NetName=GND Pin=C8-2
Added Pin To Net: NetName=GND Pin=C9-2
Added Pin To Net: NetName=GND Pin=U1-7
Added Pin To Net: NetName=GND Pin=U1-23
Added Pin To Net: NetName=GND Pin=VR?-2
Added Net: Name=GND
Added Pin To Net: NetName=NetC1_U_Active_filter1_1 Pin=C1_U_Active_filter1-1
Added Pin To Net: NetName=NetC1_U_Active_filter1_1 Pin=C4_U_Active_filter1-1
Added Pin To Net: NetName=NetC1_U_Active_filter1_1 Pin=R5_U_Active_filter1-1
Added Pin To Net: NetName=NetC1_U_Active_filter1_1 Pin=R7_U_Active_filter1-2
Added Net: Name=NetC1_U_Active_filter1_1
Added Pin To Net: NetName=NetC1_U_Active_filter1_2 Pin=C1_U_Active_filter1-2
Added Pin To Net: NetName=NetC1_U_Active_filter1_2 Pin=R1_U_Active_filter1-2
Added Pin To Net: NetName=NetC1_U_Active_filter1_2 Pin=R3_U_Active_filter1-2
Added Pin To Net: NetName=NetC1_U_Active_filter1_2 Pin=U2_U_Active_filter1-1
Added Net: Name=NetC1_U_Active_filter1_2
Added Pin To Net: NetName=NetC1_U_Active_filter2_1 Pin=C1_U_Active_filter2-1
Added Pin To Net: NetName=NetC1_U_Active_filter2_1 Pin=C4_U_Active_filter2-1
Added Pin To Net: NetName=NetC1_U_Active_filter2_1 Pin=R5_U_Active_filter2-1
Added Pin To Net: NetName=NetC1_U_Active_filter2_1 Pin=R7_U_Active_filter2-2
Added Net: Name=NetC1_U_Active_filter2_1
Added Pin To Net: NetName=NetC1_U_Active_filter2_2 Pin=C1_U_Active_filter2-2
Added Pin To Net: NetName=NetC1_U_Active_filter2_2 Pin=R1_U_Active_filter2-2
Added Pin To Net: NetName=NetC1_U_Active_filter2_2 Pin=R3_U_Active_filter2-2
Added Pin To Net: NetName=NetC1_U_Active_filter2_2 Pin=U2_U_Active_filter2-1
Added Net: Name=NetC1_U_Active_filter2_2
Added Pin To Net: NetName=NetC1_U_Active_filter3_1 Pin=C1_U_Active_filter3-1
Added Pin To Net: NetName=NetC1_U_Active_filter3_1 Pin=C4_U_Active_filter3-1
Added Pin To Net: NetName=NetC1_U_Active_filter3_1 Pin=R5_U_Active_filter3-1
Added Pin To Net: NetName=NetC1_U_Active_filter3_1 Pin=R7_U_Active_filter3-2
Added Net: Name=NetC1_U_Active_filter3_1
Added Pin To Net: NetName=NetC1_U_Active_filter3_2 Pin=C1_U_Active_filter3-2
Added Pin To Net: NetName=NetC1_U_Active_filter3_2 Pin=R1_U_Active_filter3-2
Added Pin To Net: NetName=NetC1_U_Active_filter3_2 Pin=R3_U_Active_filter3-2
Added Pin To Net: NetName=NetC1_U_Active_filter3_2 Pin=U2_U_Active_filter3-1
Added Net: Name=NetC1_U_Active_filter3_2
Added Pin To Net: NetName=NetC1_U_Active_filter4_1 Pin=C1_U_Active_filter4-1
Added Pin To Net: NetName=NetC1_U_Active_filter4_1 Pin=C4_U_Active_filter4-1
Added Pin To Net: NetName=NetC1_U_Active_filter4_1 Pin=R5_U_Active_filter4-1
Added Pin To Net: NetName=NetC1_U_Active_filter4_1 Pin=R7_U_Active_filter4-2
Added Net: Name=NetC1_U_Active_filter4_1
Added Pin To Net: NetName=NetC1_U_Active_filter4_2 Pin=C1_U_Active_filter4-2
Added Pin To Net: NetName=NetC1_U_Active_filter4_2 Pin=R1_U_Active_filter4-2
Added Pin To Net: NetName=NetC1_U_Active_filter4_2 Pin=R3_U_Active_filter4-2
Added Pin To Net: NetName=NetC1_U_Active_filter4_2 Pin=U2_U_Active_filter4-1
Added Net: Name=NetC1_U_Active_filter4_2
Added Pin To Net: NetName=NetC2_U_Active_filter1_1 Pin=C2_U_Active_filter1-1
Added Pin To Net: NetName=NetC2_U_Active_filter1_1 Pin=R4_U_Active_filter1-1
Added Pin To Net: NetName=NetC2_U_Active_filter1_1 Pin=U1-32
Added Pin To Net: NetName=NetC2_U_Active_filter1_1 Pin=U2_U_Active_filter1-7
Added Net: Name=NetC2_U_Active_filter1_1
Added Pin To Net: NetName=NetC2_U_Active_filter1_2 Pin=C2_U_Active_filter1-2
Added Pin To Net: NetName=NetC2_U_Active_filter1_2 Pin=C5_U_Active_filter1-2
Added Pin To Net: NetName=NetC2_U_Active_filter1_2 Pin=R1_U_Active_filter1-1
Added Pin To Net: NetName=NetC2_U_Active_filter1_2 Pin=R8_U_Active_filter1-1
Added Net: Name=NetC2_U_Active_filter1_2
Added Pin To Net: NetName=NetC2_U_Active_filter2_1 Pin=C2_U_Active_filter2-1
Added Pin To Net: NetName=NetC2_U_Active_filter2_1 Pin=R4_U_Active_filter2-1
Added Pin To Net: NetName=NetC2_U_Active_filter2_1 Pin=U1-37
Added Pin To Net: NetName=NetC2_U_Active_filter2_1 Pin=U2_U_Active_filter2-7
Added Net: Name=NetC2_U_Active_filter2_1
Added Pin To Net: NetName=NetC2_U_Active_filter2_2 Pin=C2_U_Active_filter2-2
Added Pin To Net: NetName=NetC2_U_Active_filter2_2 Pin=C5_U_Active_filter2-2
Added Pin To Net: NetName=NetC2_U_Active_filter2_2 Pin=R1_U_Active_filter2-1
Added Pin To Net: NetName=NetC2_U_Active_filter2_2 Pin=R8_U_Active_filter2-1
Added Net: Name=NetC2_U_Active_filter2_2
Added Pin To Net: NetName=NetC2_U_Active_filter3_1 Pin=C2_U_Active_filter3-1
Added Pin To Net: NetName=NetC2_U_Active_filter3_1 Pin=R4_U_Active_filter3-1
Added Pin To Net: NetName=NetC2_U_Active_filter3_1 Pin=U1-40
Added Pin To Net: NetName=NetC2_U_Active_filter3_1 Pin=U2_U_Active_filter3-7
Added Net: Name=NetC2_U_Active_filter3_1
Added Pin To Net: NetName=NetC2_U_Active_filter3_2 Pin=C2_U_Active_filter3-2
Added Pin To Net: NetName=NetC2_U_Active_filter3_2 Pin=C5_U_Active_filter3-2
Added Pin To Net: NetName=NetC2_U_Active_filter3_2 Pin=R1_U_Active_filter3-1
Added Pin To Net: NetName=NetC2_U_Active_filter3_2 Pin=R8_U_Active_filter3-1
Added Net: Name=NetC2_U_Active_filter3_2
Added Pin To Net: NetName=NetC2_U_Active_filter4_1 Pin=C2_U_Active_filter4-1
Added Pin To Net: NetName=NetC2_U_Active_filter4_1 Pin=R4_U_Active_filter4-1
Added Pin To Net: NetName=NetC2_U_Active_filter4_1 Pin=U1-4
Added Pin To Net: NetName=NetC2_U_Active_filter4_1 Pin=U2_U_Active_filter4-7
Added Net: Name=NetC2_U_Active_filter4_1
Added Pin To Net: NetName=NetC2_U_Active_filter4_2 Pin=C2_U_Active_filter4-2
Added Pin To Net: NetName=NetC2_U_Active_filter4_2 Pin=C5_U_Active_filter4-2
Added Pin To Net: NetName=NetC2_U_Active_filter4_2 Pin=R1_U_Active_filter4-1
Added Pin To Net: NetName=NetC2_U_Active_filter4_2 Pin=R8_U_Active_filter4-1
Added Net: Name=NetC2_U_Active_filter4_2
Added Pin To Net: NetName=NetC3_U_Active_filter1_1 Pin=C3_U_Active_filter1-1
Added Pin To Net: NetName=NetC3_U_Active_filter1_1 Pin=PD-1
Added Net: Name=NetC3_U_Active_filter1_1
Added Pin To Net: NetName=NetC3_U_Active_filter1_2 Pin=C3_U_Active_filter1-2
Added Pin To Net: NetName=NetC3_U_Active_filter1_2 Pin=R2_U_Active_filter1-2
Added Pin To Net: NetName=NetC3_U_Active_filter1_2 Pin=R5_U_Active_filter1-2
Added Pin To Net: NetName=NetC3_U_Active_filter1_2 Pin=R6_U_Active_filter1-1
Added Net: Name=NetC3_U_Active_filter1_2
Added Pin To Net: NetName=NetC3_U_Active_filter2_1 Pin=C3_U_Active_filter2-1
Added Pin To Net: NetName=NetC3_U_Active_filter2_1 Pin=PC-1
Added Net: Name=NetC3_U_Active_filter2_1
Added Pin To Net: NetName=NetC3_U_Active_filter2_2 Pin=C3_U_Active_filter2-2
Added Pin To Net: NetName=NetC3_U_Active_filter2_2 Pin=R2_U_Active_filter2-2
Added Pin To Net: NetName=NetC3_U_Active_filter2_2 Pin=R5_U_Active_filter2-2
Added Pin To Net: NetName=NetC3_U_Active_filter2_2 Pin=R6_U_Active_filter2-1
Added Net: Name=NetC3_U_Active_filter2_2
Added Pin To Net: NetName=NetC3_U_Active_filter3_1 Pin=C3_U_Active_filter3-1
Added Pin To Net: NetName=NetC3_U_Active_filter3_1 Pin=PB-1
Added Net: Name=NetC3_U_Active_filter3_1
Added Pin To Net: NetName=NetC3_U_Active_filter3_2 Pin=C3_U_Active_filter3-2
Added Pin To Net: NetName=NetC3_U_Active_filter3_2 Pin=R2_U_Active_filter3-2
Added Pin To Net: NetName=NetC3_U_Active_filter3_2 Pin=R5_U_Active_filter3-2
Added Pin To Net: NetName=NetC3_U_Active_filter3_2 Pin=R6_U_Active_filter3-1
Added Net: Name=NetC3_U_Active_filter3_2
Added Pin To Net: NetName=NetC3_U_Active_filter4_1 Pin=C3_U_Active_filter4-1
Added Pin To Net: NetName=NetC3_U_Active_filter4_1 Pin=PA-1
Added Net: Name=NetC3_U_Active_filter4_1
Added Pin To Net: NetName=NetC3_U_Active_filter4_2 Pin=C3_U_Active_filter4-2
Added Pin To Net: NetName=NetC3_U_Active_filter4_2 Pin=R2_U_Active_filter4-2
Added Pin To Net: NetName=NetC3_U_Active_filter4_2 Pin=R5_U_Active_filter4-2
Added Pin To Net: NetName=NetC3_U_Active_filter4_2 Pin=R6_U_Active_filter4-1
Added Net: Name=NetC3_U_Active_filter4_2
Added Pin To Net: NetName=NetC4_U_Active_filter1_2 Pin=C4_U_Active_filter1-2
Added Pin To Net: NetName=NetC4_U_Active_filter1_2 Pin=R3_U_Active_filter1-1
Added Pin To Net: NetName=NetC4_U_Active_filter1_2 Pin=U2_U_Active_filter1-2
Added Net: Name=NetC4_U_Active_filter1_2
Added Pin To Net: NetName=NetC4_U_Active_filter2_2 Pin=C4_U_Active_filter2-2
Added Pin To Net: NetName=NetC4_U_Active_filter2_2 Pin=R3_U_Active_filter2-1
Added Pin To Net: NetName=NetC4_U_Active_filter2_2 Pin=U2_U_Active_filter2-2
Added Net: Name=NetC4_U_Active_filter2_2
Added Pin To Net: NetName=NetC4_U_Active_filter3_2 Pin=C4_U_Active_filter3-2
Added Pin To Net: NetName=NetC4_U_Active_filter3_2 Pin=R3_U_Active_filter3-1
Added Pin To Net: NetName=NetC4_U_Active_filter3_2 Pin=U2_U_Active_filter3-2
Added Net: Name=NetC4_U_Active_filter3_2
Added Pin To Net: NetName=NetC4_U_Active_filter4_2 Pin=C4_U_Active_filter4-2
Added Pin To Net: NetName=NetC4_U_Active_filter4_2 Pin=R3_U_Active_filter4-1
Added Pin To Net: NetName=NetC4_U_Active_filter4_2 Pin=U2_U_Active_filter4-2
Added Net: Name=NetC4_U_Active_filter4_2
Added Pin To Net: NetName=NetC5_U_Active_filter1_1 Pin=C5_U_Active_filter1-1
Added Pin To Net: NetName=NetC5_U_Active_filter1_1 Pin=R4_U_Active_filter1-2
Added Pin To Net: NetName=NetC5_U_Active_filter1_1 Pin=U2_U_Active_filter1-6
Added Net: Name=NetC5_U_Active_filter1_1
Added Pin To Net: NetName=NetC5_U_Active_filter2_1 Pin=C5_U_Active_filter2-1
Added Pin To Net: NetName=NetC5_U_Active_filter2_1 Pin=R4_U_Active_filter2-2
Added Pin To Net: NetName=NetC5_U_Active_filter2_1 Pin=U2_U_Active_filter2-6
Added Net: Name=NetC5_U_Active_filter2_1
Added Pin To Net: NetName=NetC5_U_Active_filter3_1 Pin=C5_U_Active_filter3-1
Added Pin To Net: NetName=NetC5_U_Active_filter3_1 Pin=R4_U_Active_filter3-2
Added Pin To Net: NetName=NetC5_U_Active_filter3_1 Pin=U2_U_Active_filter3-6
Added Net: Name=NetC5_U_Active_filter3_1
Added Pin To Net: NetName=NetC5_U_Active_filter4_1 Pin=C5_U_Active_filter4-1
Added Pin To Net: NetName=NetC5_U_Active_filter4_1 Pin=R4_U_Active_filter4-2
Added Pin To Net: NetName=NetC5_U_Active_filter4_1 Pin=U2_U_Active_filter4-6
Added Net: Name=NetC5_U_Active_filter4_1
Added Pin To Net: NetName=NetC6_2 Pin=C6-2
Added Pin To Net: NetName=NetC6_2 Pin=C7-2
Added Pin To Net: NetName=NetC6_2 Pin=U1-5
Added Pin To Net: NetName=NetC6_2 Pin=U1-26
Added Net: Name=NetC6_2
Added Pin To Net: NetName=NetC10_2 Pin=C10-2
Added Pin To Net: NetName=NetC10_2 Pin=U1-30
Added Net: Name=NetC10_2
Added Pin To Net: NetName=NetC11_2 Pin=C11-2
Added Pin To Net: NetName=NetC11_2 Pin=U1-38
Added Net: Name=NetC11_2
Added Pin To Net: NetName=NetC12_2 Pin=C12-2
Added Pin To Net: NetName=NetC12_2 Pin=U1-39
Added Net: Name=NetC12_2
Added Pin To Net: NetName=NetC13_2 Pin=C13-2
Added Pin To Net: NetName=NetC13_2 Pin=U1-2
Added Net: Name=NetC13_2
Added Pin To Net: NetName=NetU1_10 Pin=U1-10
Added Net: Name=NetU1_10
Added Pin To Net: NetName=NetU1_11 Pin=U1-11
Added Net: Name=NetU1_11
Added Pin To Net: NetName=NetU1_12 Pin=U1-12
Added Net: Name=NetU1_12
Added Pin To Net: NetName=NetU1_13 Pin=U1-13
Added Net: Name=NetU1_13
Added Pin To Net: NetName=NetU1_14 Pin=U1-14
Added Net: Name=NetU1_14
Added Pin To Net: NetName=NetU1_15 Pin=U1-15
Added Net: Name=NetU1_15
Added Pin To Net: NetName=NetU1_16 Pin=U1-16
Added Net: Name=NetU1_16
Added Pin To Net: NetName=NetU1_18 Pin=U1-18
Added Net: Name=NetU1_18
Added Pin To Net: NetName=NetU1_21 Pin=U1-21
Added Net: Name=NetU1_21
Added Class: Name=Top_level
Added Class: Name=U_Active_filter1
Added Class: Name=U_Active_filter2
Added Class: Name=U_Active_filter3
Added Class: Name=U_Active_filter4
Added Class: Name=U_ADC
Added Class: Name=U_Power
Added Class: Name=Active_filter
Added Room: Name=Top_level
Added Room: Name=U_Active_filter1
Added Room: Name=U_Active_filter2
Added Room: Name=U_Active_filter3
Added Room: Name=U_Active_filter4
Added Room: Name=U_ADC
Added Room: Name=U_Power
