Added Component: Designator=C1(1608[0603])
Added Component: Designator=C2(1608[0603])
Added Component: Designator=J1(MOLEX_42819-4224)
Added Component: Designator=J2(MOLEX_42819-4224)
Added Component: Designator=J3(MOLEX_42819-4224)
Added Component: Designator=J4(MOLEX_42819-4224)
Added Component: Designator=J5(MOLEX_42819-4224)
Added Component: Designator=J6(MOLEX_42819-4224)
Added Component: Designator=P1(HDR1X2)
Added Component: Designator=Q1(INF-PG-HSOF-8-1_V)
Added Component: Designator=Q2(INF-PG-HSOF-8-1_V)
Added Component: Designator=Q3(IRLR6225)
Added Component: Designator=Q4(IRLR6225)
Added Component: Designator=Q5(IRLR6225)
Added Component: Designator=Q6(IRLR6225)
Added Component: Designator=Q7(IRLR6225)
Added Component: Designator=Q8(IRLR6225)
Added Component: Designator=Q9(IRLR6225)
Added Component: Designator=Q10(IRLR6225)
Added Component: Designator=R1(J1-0603)
Added Component: Designator=R2(J1-0603)
Added Component: Designator=R3(J1-0603)
Added Component: Designator=R4(J1-0603)
Added Component: Designator=R5(J1-0603)
Added Component: Designator=R6(J1-0603)
Added Component: Designator=R7(J1-0603)
Added Component: Designator=R8(J1-0603)
Added Component: Designator=R9(J1-0603)
Added Component: Designator=R10(J1-0603)
Added Component: Designator=R11(J1-0603)
Added Component: Designator=R12(J1-0603)
Added Component: Designator=R13(J1-0603)
Added Component: Designator=R14(J1-0603)
Added Component: Designator=R15(J1-0603)
Added Component: Designator=R16(J1-0603)
Added Component: Designator=R17(J1-0603)
Added Component: Designator=R18(J1-0603)
Added Component: Designator=R19(J1-0603)
Added Component: Designator=Teensy 1(T36)
Added Component: Designator=U1(LT-MS8-8_N)
Added Component: Designator=U2(LT-MS8-8_N)
Added Component: Designator=U3(Recom-78E5.0-1.0)
Added Component: Designator=U4(MC74VHC1G)
Added Component: Designator=U5(AD8217)
Added Component: Designator=U6(AD8217)
Added Component: Designator=U7(AD8217)
Added Component: Designator=U8(AD8217)
Added Component: Designator=U9(AD8217)
Added Component: Designator=U10(AD8217)
Added Component: Designator=U11(AD8217)
Added Component: Designator=U12(AD8217)
Added Component: Designator=U13(AD8217)
Added Component: Designator=U14(AD8217)
Added Pin To Net: NetName=5V Pin=C2-2
Added Pin To Net: NetName=5V Pin=P1-1
Added Pin To Net: NetName=5V Pin=U3-3
Added Pin To Net: NetName=5V Pin=U4-4
Added Net: Name=5V
Added Pin To Net: NetName=14.8V Pin=C1-2
Added Pin To Net: NetName=14.8V Pin=Q1-9
Added Pin To Net: NetName=14.8V Pin=Q2-9
Added Pin To Net: NetName=14.8V Pin=R9-1
Added Pin To Net: NetName=14.8V Pin=R10-1
Added Pin To Net: NetName=14.8V Pin=R11-1
Added Pin To Net: NetName=14.8V Pin=R12-1
Added Pin To Net: NetName=14.8V Pin=R13-1
Added Pin To Net: NetName=14.8V Pin=R14-1
Added Pin To Net: NetName=14.8V Pin=R15-1
Added Pin To Net: NetName=14.8V Pin=R16-1
Added Pin To Net: NetName=14.8V Pin=R17-1
Added Pin To Net: NetName=14.8V Pin=R18-1
Added Pin To Net: NetName=14.8V Pin=U1-7
Added Pin To Net: NetName=14.8V Pin=U1-8
Added Pin To Net: NetName=14.8V Pin=U2-7
Added Pin To Net: NetName=14.8V Pin=U2-8
Added Pin To Net: NetName=14.8V Pin=U3-1
Added Pin To Net: NetName=14.8V Pin=U5-1
Added Pin To Net: NetName=14.8V Pin=U6-1
Added Pin To Net: NetName=14.8V Pin=U7-1
Added Pin To Net: NetName=14.8V Pin=U8-1
Added Pin To Net: NetName=14.8V Pin=U9-1
Added Pin To Net: NetName=14.8V Pin=U10-1
Added Pin To Net: NetName=14.8V Pin=U11-1
Added Pin To Net: NetName=14.8V Pin=U12-1
Added Pin To Net: NetName=14.8V Pin=U13-1
Added Pin To Net: NetName=14.8V Pin=U14-1
Added Net: Name=14.8V
Added Pin To Net: NetName=ANALOGOUT1 Pin=U5-5
Added Net: Name=ANALOGOUT1
Added Pin To Net: NetName=ANALOGOUT2 Pin=U6-5
Added Net: Name=ANALOGOUT2
Added Pin To Net: NetName=ANALOGOUT3 Pin=U7-5
Added Net: Name=ANALOGOUT3
Added Pin To Net: NetName=ANALOGOUT4 Pin=U8-5
Added Net: Name=ANALOGOUT4
Added Pin To Net: NetName=ANALOGOUT5 Pin=U9-5
Added Net: Name=ANALOGOUT5
Added Pin To Net: NetName=ANALOGOUT6 Pin=U10-5
Added Net: Name=ANALOGOUT6
Added Pin To Net: NetName=ANALOGOUT7 Pin=U11-5
Added Net: Name=ANALOGOUT7
Added Pin To Net: NetName=ANALOGOUT8 Pin=U12-5
Added Net: Name=ANALOGOUT8
Added Pin To Net: NetName=ANALOGOUT9 Pin=U13-5
Added Net: Name=ANALOGOUT9
Added Pin To Net: NetName=ANALOGOUT10 Pin=U14-5
Added Net: Name=ANALOGOUT10
Added Pin To Net: NetName=GND Pin=C1-1
Added Pin To Net: NetName=GND Pin=C2-1
Added Pin To Net: NetName=GND Pin=J1-3
Added Pin To Net: NetName=GND Pin=J1-3
Added Pin To Net: NetName=GND Pin=J1-4
Added Pin To Net: NetName=GND Pin=J1-4
Added Pin To Net: NetName=GND Pin=J2-3
Added Pin To Net: NetName=GND Pin=J2-3
Added Pin To Net: NetName=GND Pin=J2-4
Added Pin To Net: NetName=GND Pin=J2-4
Added Pin To Net: NetName=GND Pin=Q3-2
Added Pin To Net: NetName=GND Pin=Q4-2
Added Pin To Net: NetName=GND Pin=Q5-2
Added Pin To Net: NetName=GND Pin=Q6-2
Added Pin To Net: NetName=GND Pin=Q7-2
Added Pin To Net: NetName=GND Pin=Q8-2
Added Pin To Net: NetName=GND Pin=Q9-2
Added Pin To Net: NetName=GND Pin=Q10-2
Added Pin To Net: NetName=GND Pin=R19-1
Added Pin To Net: NetName=GND Pin=U1-5
Added Pin To Net: NetName=GND Pin=U2-5
Added Pin To Net: NetName=GND Pin=U3-2
Added Pin To Net: NetName=GND Pin=U4-3
Added Pin To Net: NetName=GND Pin=U5-4
Added Pin To Net: NetName=GND Pin=U6-4
Added Pin To Net: NetName=GND Pin=U7-4
Added Pin To Net: NetName=GND Pin=U8-4
Added Pin To Net: NetName=GND Pin=U9-4
Added Pin To Net: NetName=GND Pin=U10-4
Added Pin To Net: NetName=GND Pin=U11-4
Added Pin To Net: NetName=GND Pin=U12-4
Added Pin To Net: NetName=GND Pin=U13-4
Added Pin To Net: NetName=GND Pin=U14-4
Added Net: Name=GND
Added Pin To Net: NetName=KILL OUT Pin=R1-2
Added Pin To Net: NetName=KILL OUT Pin=R2-2
Added Pin To Net: NetName=KILL OUT Pin=R3-2
Added Pin To Net: NetName=KILL OUT Pin=R4-2
Added Pin To Net: NetName=KILL OUT Pin=R5-2
Added Pin To Net: NetName=KILL OUT Pin=R6-2
Added Pin To Net: NetName=KILL OUT Pin=R7-2
Added Pin To Net: NetName=KILL OUT Pin=R8-2
Added Pin To Net: NetName=KILL OUT Pin=U4-5
Added Net: Name=KILL OUT
Added Pin To Net: NetName=MOTOR1 Pin=J3-1
Added Pin To Net: NetName=MOTOR1 Pin=J3-1
Added Pin To Net: NetName=MOTOR1 Pin=R9-2
Added Pin To Net: NetName=MOTOR1 Pin=U5-8
Added Net: Name=MOTOR1
Added Pin To Net: NetName=MOTOR2 Pin=J3-3
Added Pin To Net: NetName=MOTOR2 Pin=J3-3
Added Pin To Net: NetName=MOTOR2 Pin=R10-2
Added Pin To Net: NetName=MOTOR2 Pin=U6-8
Added Net: Name=MOTOR2
Added Pin To Net: NetName=MOTOR3 Pin=J4-1
Added Pin To Net: NetName=MOTOR3 Pin=J4-1
Added Pin To Net: NetName=MOTOR3 Pin=R11-2
Added Pin To Net: NetName=MOTOR3 Pin=U7-8
Added Net: Name=MOTOR3
Added Pin To Net: NetName=MOTOR4 Pin=J4-3
Added Pin To Net: NetName=MOTOR4 Pin=J4-3
Added Pin To Net: NetName=MOTOR4 Pin=R12-2
Added Pin To Net: NetName=MOTOR4 Pin=U8-8
Added Net: Name=MOTOR4
Added Pin To Net: NetName=MOTOR5 Pin=J5-1
Added Pin To Net: NetName=MOTOR5 Pin=J5-1
Added Pin To Net: NetName=MOTOR5 Pin=R13-2
Added Pin To Net: NetName=MOTOR5 Pin=U9-8
Added Net: Name=MOTOR5
Added Pin To Net: NetName=MOTOR6 Pin=J5-3
Added Pin To Net: NetName=MOTOR6 Pin=J5-3
Added Pin To Net: NetName=MOTOR6 Pin=R14-2
Added Pin To Net: NetName=MOTOR6 Pin=U10-8
Added Net: Name=MOTOR6
Added Pin To Net: NetName=MOTOR7 Pin=J6-1
Added Pin To Net: NetName=MOTOR7 Pin=J6-1
Added Pin To Net: NetName=MOTOR7 Pin=R15-2
Added Pin To Net: NetName=MOTOR7 Pin=U11-8
Added Net: Name=MOTOR7
Added Pin To Net: NetName=MOTOR8 Pin=J6-3
Added Pin To Net: NetName=MOTOR8 Pin=J6-3
Added Pin To Net: NetName=MOTOR8 Pin=R16-2
Added Pin To Net: NetName=MOTOR8 Pin=U12-8
Added Net: Name=MOTOR8
Added Pin To Net: NetName=NetJ1_1 Pin=J1-1
Added Pin To Net: NetName=NetJ1_1 Pin=J1-1
Added Pin To Net: NetName=NetJ1_1 Pin=J1-2
Added Pin To Net: NetName=NetJ1_1 Pin=J1-2
Added Pin To Net: NetName=NetJ1_1 Pin=Q1-2
Added Pin To Net: NetName=NetJ1_1 Pin=Q1-3
Added Pin To Net: NetName=NetJ1_1 Pin=Q1-4
Added Pin To Net: NetName=NetJ1_1 Pin=Q1-5
Added Pin To Net: NetName=NetJ1_1 Pin=Q1-6
Added Pin To Net: NetName=NetJ1_1 Pin=Q1-7
Added Pin To Net: NetName=NetJ1_1 Pin=Q1-8
Added Pin To Net: NetName=NetJ1_1 Pin=U1-1
Added Net: Name=NetJ1_1
Added Pin To Net: NetName=NetJ2_1 Pin=J2-1
Added Pin To Net: NetName=NetJ2_1 Pin=J2-1
Added Pin To Net: NetName=NetJ2_1 Pin=J2-2
Added Pin To Net: NetName=NetJ2_1 Pin=J2-2
Added Pin To Net: NetName=NetJ2_1 Pin=Q2-2
Added Pin To Net: NetName=NetJ2_1 Pin=Q2-3
Added Pin To Net: NetName=NetJ2_1 Pin=Q2-4
Added Pin To Net: NetName=NetJ2_1 Pin=Q2-5
Added Pin To Net: NetName=NetJ2_1 Pin=Q2-6
Added Pin To Net: NetName=NetJ2_1 Pin=Q2-7
Added Pin To Net: NetName=NetJ2_1 Pin=Q2-8
Added Pin To Net: NetName=NetJ2_1 Pin=U2-1
Added Net: Name=NetJ2_1
Added Pin To Net: NetName=NETLABEL38 Pin=J3-2
Added Pin To Net: NetName=NETLABEL38 Pin=J3-2
Added Pin To Net: NetName=NETLABEL38 Pin=Q3-Tab
Added Net: Name=NETLABEL38
Added Pin To Net: NetName=NETLABEL39 Pin=J3-4
Added Pin To Net: NetName=NETLABEL39 Pin=J3-4
Added Pin To Net: NetName=NETLABEL39 Pin=Q4-Tab
Added Net: Name=NETLABEL39
Added Pin To Net: NetName=NETLABEL40 Pin=J4-2
Added Pin To Net: NetName=NETLABEL40 Pin=J4-2
Added Pin To Net: NetName=NETLABEL40 Pin=Q5-Tab
Added Net: Name=NETLABEL40
Added Pin To Net: NetName=NETLABEL41 Pin=J4-4
Added Pin To Net: NetName=NETLABEL41 Pin=J4-4
Added Pin To Net: NetName=NETLABEL41 Pin=Q6-Tab
Added Net: Name=NETLABEL41
Added Pin To Net: NetName=NETLABEL42 Pin=J5-2
Added Pin To Net: NetName=NETLABEL42 Pin=J5-2
Added Pin To Net: NetName=NETLABEL42 Pin=Q7-Tab
Added Net: Name=NETLABEL42
Added Pin To Net: NetName=NETLABEL43 Pin=J5-4
Added Pin To Net: NetName=NETLABEL43 Pin=J5-4
Added Pin To Net: NetName=NETLABEL43 Pin=Q8-Tab
Added Net: Name=NETLABEL43
Added Pin To Net: NetName=NETLABEL44 Pin=J6-2
Added Pin To Net: NetName=NETLABEL44 Pin=J6-2
Added Pin To Net: NetName=NETLABEL44 Pin=Q9-Tab
Added Net: Name=NETLABEL44
Added Pin To Net: NetName=NETLABEL45 Pin=J6-4
Added Pin To Net: NetName=NETLABEL45 Pin=J6-4
Added Pin To Net: NetName=NETLABEL45 Pin=Q10-Tab
Added Net: Name=NETLABEL45
Added Pin To Net: NetName=NetP1_2 Pin=P1-2
Added Pin To Net: NetName=NetP1_2 Pin=R19-2
Added Pin To Net: NetName=NetP1_2 Pin=U4-2
Added Net: Name=NetP1_2
Added Pin To Net: NetName=NetQ1_1 Pin=Q1-1
Added Pin To Net: NetName=NetQ1_1 Pin=U1-4
Added Net: Name=NetQ1_1
Added Pin To Net: NetName=NetQ2_1 Pin=Q2-1
Added Pin To Net: NetName=NetQ2_1 Pin=U2-4
Added Net: Name=NetQ2_1
Added Pin To Net: NetName=NetQ3_1 Pin=Q3-1
Added Pin To Net: NetName=NetQ3_1 Pin=R1-1
Added Net: Name=NetQ3_1
Added Pin To Net: NetName=NetQ4_1 Pin=Q4-1
Added Pin To Net: NetName=NetQ4_1 Pin=R2-1
Added Net: Name=NetQ4_1
Added Pin To Net: NetName=NetQ5_1 Pin=Q5-1
Added Pin To Net: NetName=NetQ5_1 Pin=R3-1
Added Net: Name=NetQ5_1
Added Pin To Net: NetName=NetQ6_1 Pin=Q6-1
Added Pin To Net: NetName=NetQ6_1 Pin=R4-1
Added Net: Name=NetQ6_1
Added Pin To Net: NetName=NetQ7_1 Pin=Q7-1
Added Pin To Net: NetName=NetQ7_1 Pin=R5-1
Added Net: Name=NetQ7_1
Added Pin To Net: NetName=NetQ8_1 Pin=Q8-1
Added Pin To Net: NetName=NetQ8_1 Pin=R6-1
Added Net: Name=NetQ8_1
Added Pin To Net: NetName=NetQ9_1 Pin=Q9-1
Added Pin To Net: NetName=NetQ9_1 Pin=R7-1
Added Net: Name=NetQ9_1
Added Pin To Net: NetName=NetQ10_1 Pin=Q10-1
Added Pin To Net: NetName=NetQ10_1 Pin=R8-1
Added Net: Name=NetQ10_1
Added Pin To Net: NetName=NetR17_2 Pin=R17-2
Added Pin To Net: NetName=NetR17_2 Pin=U13-8
Added Net: Name=NetR17_2
Added Pin To Net: NetName=NetR18_2 Pin=R18-2
Added Pin To Net: NetName=NetR18_2 Pin=U14-8
Added Net: Name=NetR18_2
Added Pin To Net: NetName=TEENSYKILL Pin=U4-1
Added Net: Name=TEENSYKILL
Added Class: Name=U_5V_Converter
Added Class: Name=U_KillSwitch_MotorOut
Added Class: Name=U_Merge
Added Class: Name=U_PowerOutCurrentMonitor
Added Class: Name=U_T100CurrentMonitor
Added Class: Name=U_Teensy3_5
Added Class: Name=U_VidRayCurrentMonitor
Added Room: Name=U_5V_Converter
Added Room: Name=U_KillSwitch_MotorOut
Added Room: Name=U_Merge
Added Room: Name=U_PowerOutCurrentMonitor
Added Room: Name=U_T100CurrentMonitor
Added Room: Name=U_Teensy3_5
Added Room: Name=U_VidRayCurrentMonitor
