Added Component: Designator=J3(MOLEX_42819-4224)
Added Component: Designator=J4(MOLEX_42819-4224)
Added Component: Designator=J5(MOLEX_42819-4224)
Added Component: Designator=J6(MOLEX_42819-4224)
Added Component: Designator=Q2(INF-PG-HSOF-8-1_V)
Added Pin To Net: NetName=GND Pin=J3-2
Added Pin To Net: NetName=GND Pin=J3-2
Added Pin To Net: NetName=GND Pin=J3-4
Added Pin To Net: NetName=GND Pin=J3-4
Added Pin To Net: NetName=GND Pin=J4-2
Added Pin To Net: NetName=GND Pin=J4-2
Added Pin To Net: NetName=GND Pin=J4-4
Added Pin To Net: NetName=GND Pin=J4-4
Added Pin To Net: NetName=GND Pin=J5-2
Added Pin To Net: NetName=GND Pin=J5-2
Added Pin To Net: NetName=GND Pin=J5-4
Added Pin To Net: NetName=GND Pin=J5-4
Added Pin To Net: NetName=GND Pin=J6-2
Added Pin To Net: NetName=GND Pin=J6-2
Added Pin To Net: NetName=GND Pin=J6-4
Added Pin To Net: NetName=GND Pin=J6-4
Added Pin To Net: NetName=NetQ2_1 Pin=Q2-1
Added Pin To Net: NetName=NetJ2_1 Pin=Q2-2
Added Pin To Net: NetName=NetJ2_1 Pin=Q2-3
Added Pin To Net: NetName=NetJ2_1 Pin=Q2-4
Added Pin To Net: NetName=NetJ2_1 Pin=Q2-5
Added Pin To Net: NetName=NetJ2_1 Pin=Q2-6
Added Pin To Net: NetName=NetJ2_1 Pin=Q2-7
Added Pin To Net: NetName=NetJ2_1 Pin=Q2-8
Added Pin To Net: NetName=NetQ1_9 Pin=Q2-9
Added Pin To Net: NetName=14.8V Pin=J3-1
Added Pin To Net: NetName=14.8V Pin=J3-1
Added Pin To Net: NetName=14.8V Pin=J3-3
Added Pin To Net: NetName=14.8V Pin=J3-3
Added Pin To Net: NetName=14.8V Pin=J4-1
Added Pin To Net: NetName=14.8V Pin=J4-1
Added Pin To Net: NetName=14.8V Pin=J4-3
Added Pin To Net: NetName=14.8V Pin=J4-3
Added Pin To Net: NetName=14.8V Pin=J5-1
Added Pin To Net: NetName=14.8V Pin=J5-1
Added Pin To Net: NetName=14.8V Pin=J5-3
Added Pin To Net: NetName=14.8V Pin=J5-3
Added Pin To Net: NetName=14.8V Pin=J6-1
Added Pin To Net: NetName=14.8V Pin=J6-1
Added Pin To Net: NetName=14.8V Pin=J6-3
Added Pin To Net: NetName=14.8V Pin=J6-3
Added Net: Name=14.8V
Added Member To Class: ClassName=Merge Member=Component J3 Molex 42819-4224
Added Member To Class: ClassName=Merge Member=Component J4 Molex 42819-4224
Added Member To Class: ClassName=Merge Member=Component J5 Molex 42819-4224
Added Member To Class: ClassName=Merge Member=Component J6 Molex 42819-4224
Added Member To Class: ClassName=Merge Member=Component Q2 IPT004N03L
Added Room: Name=Merge
