Added Component: Designator=J1(MOLEX_42819-4224)
Added Component: Designator=J2(MOLEX_42819-4224)
Added Component: Designator=Q1(INF-PG-HSOF-8-1_V)
Added Component: Designator=Q2(INF-PG-HSOF-8-1_V)
Added Component: Designator=U1(LT-MS8-8_N)
Added Component: Designator=U2(LT-MS8-8_N)
Added Pin To Net: NetName=NetJ1_1 Pin=J1-1
Added Pin To Net: NetName=NetJ1_1 Pin=J1-1
Added Pin To Net: NetName=NetJ1_1 Pin=J1-2
Added Pin To Net: NetName=NetJ1_1 Pin=J1-2
Added Pin To Net: NetName=GND Pin=J1-3
Added Pin To Net: NetName=GND Pin=J1-3
Added Pin To Net: NetName=GND Pin=J1-4
Added Pin To Net: NetName=GND Pin=J1-4
Added Pin To Net: NetName=NetJ2_1 Pin=J2-1
Added Pin To Net: NetName=NetJ2_1 Pin=J2-1
Added Pin To Net: NetName=NetJ2_1 Pin=J2-2
Added Pin To Net: NetName=NetJ2_1 Pin=J2-2
Added Pin To Net: NetName=GND Pin=J2-3
Added Pin To Net: NetName=GND Pin=J2-3
Added Pin To Net: NetName=GND Pin=J2-4
Added Pin To Net: NetName=GND Pin=J2-4
Added Pin To Net: NetName=NetQ1_1 Pin=Q1-1
Added Pin To Net: NetName=NetJ1_1 Pin=Q1-2
Added Pin To Net: NetName=NetJ1_1 Pin=Q1-3
Added Pin To Net: NetName=NetJ1_1 Pin=Q1-4
Added Pin To Net: NetName=NetJ1_1 Pin=Q1-5
Added Pin To Net: NetName=NetJ1_1 Pin=Q1-6
Added Pin To Net: NetName=NetJ1_1 Pin=Q1-7
Added Pin To Net: NetName=NetJ1_1 Pin=Q1-8
Added Pin To Net: NetName=NetQ1_9 Pin=Q1-9
Added Pin To Net: NetName=NetQ2_1 Pin=Q2-1
Added Pin To Net: NetName=NetJ2_1 Pin=Q2-2
Added Pin To Net: NetName=NetJ2_1 Pin=Q2-3
Added Pin To Net: NetName=NetJ2_1 Pin=Q2-4
Added Pin To Net: NetName=NetJ2_1 Pin=Q2-5
Added Pin To Net: NetName=NetJ2_1 Pin=Q2-6
Added Pin To Net: NetName=NetJ2_1 Pin=Q2-7
Added Pin To Net: NetName=NetJ2_1 Pin=Q2-8
Added Pin To Net: NetName=NetQ1_9 Pin=Q2-9
Added Pin To Net: NetName=NetJ1_1 Pin=U1-1
Added Pin To Net: NetName=NetQ1_1 Pin=U1-4
Added Pin To Net: NetName=GND Pin=U1-5
Added Pin To Net: NetName=NetQ1_9 Pin=U1-7
Added Pin To Net: NetName=NetQ1_9 Pin=U1-8
Added Pin To Net: NetName=NetJ2_1 Pin=U2-1
Added Pin To Net: NetName=NetQ2_1 Pin=U2-4
Added Pin To Net: NetName=GND Pin=U2-5
Added Pin To Net: NetName=NetQ1_9 Pin=U2-7
Added Pin To Net: NetName=NetQ1_9 Pin=U2-8
Added Member To Class: ClassName=Merge Member=Component J1 Molex 42819-4224
Added Member To Class: ClassName=Merge Member=Component J2 Molex 42819-4224
Added Member To Class: ClassName=Merge Member=Component Q1 IPT004N03L
Added Member To Class: ClassName=Merge Member=Component Q2 IPT004N03L
Added Member To Class: ClassName=Merge Member=Component U1 LTC4357CMS8#PBF
Added Member To Class: ClassName=Merge Member=Component U2 LTC4357CMS8#PBF
Added Room: Name=Merge
