Change Component Designator: OldDesignator=C1_A NewDesignator=C1_A1
Change Component Designator: OldDesignator=C1_B NewDesignator=C1_B1
Change Component Designator: OldDesignator=C1_C NewDesignator=C1_C1
Change Component Designator: OldDesignator=C1_D NewDesignator=C1_D1
Change Component Designator: OldDesignator=C2_A NewDesignator=C2_A1
Change Component Designator: OldDesignator=C2_B NewDesignator=C2_B1
Change Component Designator: OldDesignator=C2_C NewDesignator=C2_C1
Change Component Designator: OldDesignator=C2_D NewDesignator=C2_D1
Change Component Designator: OldDesignator=C3_A NewDesignator=C3_A1
Change Component Designator: OldDesignator=C3_B NewDesignator=C3_B1
Change Component Designator: OldDesignator=C3_C NewDesignator=C3_C1
Change Component Designator: OldDesignator=C3_D NewDesignator=C3_D1
Change Component Designator: OldDesignator=C4_A NewDesignator=C4_A1
Change Component Designator: OldDesignator=C4_B NewDesignator=C4_B1
Change Component Designator: OldDesignator=C4_C NewDesignator=C4_C1
Change Component Designator: OldDesignator=C4_D NewDesignator=C4_D1
Change Component Designator: OldDesignator=C5_A NewDesignator=C5_A1
Change Component Designator: OldDesignator=C5_B NewDesignator=C5_B1
Change Component Designator: OldDesignator=C5_C NewDesignator=C5_C1
Change Component Designator: OldDesignator=C5_D NewDesignator=C5_D1
Change Component Designator: OldDesignator=C26_A NewDesignator=C26_A2
Change Component Designator: OldDesignator=C26_B NewDesignator=C26_B2
Change Component Designator: OldDesignator=C26_C NewDesignator=C26_C2
Change Component Designator: OldDesignator=C26_D NewDesignator=C26_D2
Change Component Designator: OldDesignator=P1_A NewDesignator=P1_A1
Change Component Designator: OldDesignator=P1_B NewDesignator=P1_B1
Change Component Designator: OldDesignator=P1_C NewDesignator=P1_C1
Change Component Designator: OldDesignator=P1_D NewDesignator=P1_D1
Change Component Designator: OldDesignator=P4_A NewDesignator=P4_A2
Change Component Designator: OldDesignator=P4_B NewDesignator=P4_B2
Change Component Designator: OldDesignator=P4_C NewDesignator=P4_C2
Change Component Designator: OldDesignator=P4_D NewDesignator=P4_D2
Change Component Designator: OldDesignator=R1_A NewDesignator=R1_A1
Change Component Designator: OldDesignator=R1_B NewDesignator=R1_B1
Change Component Designator: OldDesignator=R1_C NewDesignator=R1_C1
Change Component Designator: OldDesignator=R1_D NewDesignator=R1_D1
Change Component Designator: OldDesignator=R2_A NewDesignator=R2_A1
Change Component Designator: OldDesignator=R2_B NewDesignator=R2_B1
Change Component Designator: OldDesignator=R2_C NewDesignator=R2_C1
Change Component Designator: OldDesignator=R2_D NewDesignator=R2_D1
Change Component Designator: OldDesignator=R3_A NewDesignator=R3_A1
Change Component Designator: OldDesignator=R3_B NewDesignator=R3_B1
Change Component Designator: OldDesignator=R3_C NewDesignator=R3_C1
Change Component Designator: OldDesignator=R3_D NewDesignator=R3_D1
Change Component Designator: OldDesignator=R4_A NewDesignator=R4_A1
Change Component Designator: OldDesignator=R4_B NewDesignator=R4_B1
Change Component Designator: OldDesignator=R4_C NewDesignator=R4_C1
Change Component Designator: OldDesignator=R4_D NewDesignator=R4_D1
Change Component Designator: OldDesignator=R5_A NewDesignator=R5_A1
Change Component Designator: OldDesignator=R5_B NewDesignator=R5_B1
Change Component Designator: OldDesignator=R5_C NewDesignator=R5_C1
Change Component Designator: OldDesignator=R5_D NewDesignator=R5_D1
Change Component Designator: OldDesignator=R6_A NewDesignator=R6_A1
Change Component Designator: OldDesignator=R6_B NewDesignator=R6_B1
Change Component Designator: OldDesignator=R6_C NewDesignator=R6_C1
Change Component Designator: OldDesignator=R6_D NewDesignator=R6_D1
Change Component Designator: OldDesignator=R15_A NewDesignator=R15_A2
Change Component Designator: OldDesignator=R15_B NewDesignator=R15_B2
Change Component Designator: OldDesignator=R15_C NewDesignator=R15_C2
Change Component Designator: OldDesignator=R15_D NewDesignator=R15_D2
Change Component Designator: OldDesignator=R16_A NewDesignator=R16_A2
Change Component Designator: OldDesignator=R16_B NewDesignator=R16_B2
Change Component Designator: OldDesignator=R16_C NewDesignator=R16_C2
Change Component Designator: OldDesignator=R16_D NewDesignator=R16_D2
Change Component Designator: OldDesignator=R17_A NewDesignator=R17_A2
Change Component Designator: OldDesignator=R17_B NewDesignator=R17_B2
Change Component Designator: OldDesignator=R17_C NewDesignator=R17_C2
Change Component Designator: OldDesignator=R17_D NewDesignator=R17_D2
Change Component Designator: OldDesignator=R18_A NewDesignator=R18_A2
Change Component Designator: OldDesignator=R18_B NewDesignator=R18_B2
Change Component Designator: OldDesignator=R18_C NewDesignator=R18_C2
Change Component Designator: OldDesignator=R18_D NewDesignator=R18_D2
Change Component Designator: OldDesignator=U1_A NewDesignator=U1_A1
Change Component Designator: OldDesignator=U1_B NewDesignator=U1_B1
Change Component Designator: OldDesignator=U1_C NewDesignator=U1_C1
Change Component Designator: OldDesignator=U1_D NewDesignator=U1_D1
Change Component Designator: OldDesignator=U3_A NewDesignator=U3_A2
Change Component Designator: OldDesignator=U3_B NewDesignator=U3_B2
Change Component Designator: OldDesignator=U3_C NewDesignator=U3_C2
Change Component Designator: OldDesignator=U3_D NewDesignator=U3_D2
Change Net Name : Old Net Name=NetC1_A_1 New Net Name=NetC1_A1_1
Change Net Name : Old Net Name=NetC1_A_2 New Net Name=NetC1_A1_2
Change Net Name : Old Net Name=NetC1_B_1 New Net Name=NetC1_B1_1
Change Net Name : Old Net Name=NetC1_B_2 New Net Name=NetC1_B1_2
Change Net Name : Old Net Name=NetC1_C_1 New Net Name=NetC1_C1_1
Change Net Name : Old Net Name=NetC1_C_2 New Net Name=NetC1_C1_2
Change Net Name : Old Net Name=NetC1_D_1 New Net Name=NetC1_D1_1
Change Net Name : Old Net Name=NetC1_D_2 New Net Name=NetC1_D1_2
Change Net Name : Old Net Name=NetC2_A_1 New Net Name=NetC2_A1_1
Change Net Name : Old Net Name=NetC2_A_2 New Net Name=NetC2_A1_2
Change Net Name : Old Net Name=NetC2_B_1 New Net Name=NetC2_B1_1
Change Net Name : Old Net Name=NetC2_B_2 New Net Name=NetC2_B1_2
Change Net Name : Old Net Name=NetC2_C_1 New Net Name=NetC2_C1_1
Change Net Name : Old Net Name=NetC2_C_2 New Net Name=NetC2_C1_2
Change Net Name : Old Net Name=NetC2_D_1 New Net Name=NetC2_D1_1
Change Net Name : Old Net Name=NetC2_D_2 New Net Name=NetC2_D1_2
Change Net Name : Old Net Name=NetC3_A_2 New Net Name=NetC3_A1_2
Change Net Name : Old Net Name=NetC3_B_2 New Net Name=NetC3_B1_2
Change Net Name : Old Net Name=NetC3_C_2 New Net Name=NetC3_C1_2
Change Net Name : Old Net Name=NetC3_D_2 New Net Name=NetC3_D1_2
Change Net Name : Old Net Name=NetC4_A_1 New Net Name=NetC4_A1_1
Change Net Name : Old Net Name=NetC4_B_1 New Net Name=NetC4_B1_1
Change Net Name : Old Net Name=NetC4_C_1 New Net Name=NetC4_C1_1
Change Net Name : Old Net Name=NetC4_D_1 New Net Name=NetC4_D1_1
Change Net Name : Old Net Name=NetP1_A_1 New Net Name=NetP1_A1_1
Change Net Name : Old Net Name=NetP1_B_1 New Net Name=NetP1_B1_1
Change Net Name : Old Net Name=NetP1_C_1 New Net Name=NetP1_C1_1
Change Net Name : Old Net Name=NetP1_D_1 New Net Name=NetP1_D1_1
Change Net Name : Old Net Name=NetP4_A_1 New Net Name=NetP4_A2_1
Change Net Name : Old Net Name=NetP4_A_2 New Net Name=NetP4_A2_2
Change Net Name : Old Net Name=NetP4_B_1 New Net Name=NetP4_B2_1
Change Net Name : Old Net Name=NetP4_B_2 New Net Name=NetP4_B2_2
Change Net Name : Old Net Name=NetP4_C_1 New Net Name=NetP4_C2_1
Change Net Name : Old Net Name=NetP4_C_2 New Net Name=NetP4_C2_2
Change Net Name : Old Net Name=NetP4_D_1 New Net Name=NetP4_D2_1
Change Net Name : Old Net Name=NetP4_D_2 New Net Name=NetP4_D2_2
Change Net Name : Old Net Name=NetR15_A_2 New Net Name=NetR15_A2_2
Change Net Name : Old Net Name=NetR15_A_3 New Net Name=NetR15_A2_3
Change Net Name : Old Net Name=NetR15_B_2 New Net Name=NetR15_B2_2
Change Net Name : Old Net Name=NetR15_B_3 New Net Name=NetR15_B2_3
Change Net Name : Old Net Name=NetR15_C_2 New Net Name=NetR15_C2_2
Change Net Name : Old Net Name=NetR15_C_3 New Net Name=NetR15_C2_3
Change Net Name : Old Net Name=NetR15_D_2 New Net Name=NetR15_D2_2
Change Net Name : Old Net Name=NetR15_D_3 New Net Name=NetR15_D2_3
Change Net Name : Old Net Name=VREF_A New Net Name=VREF_A1
Change Net Name : Old Net Name=VREF_B New Net Name=VREF_B1
Change Net Name : Old Net Name=VREF_C New Net Name=VREF_C1
Change Net Name : Old Net Name=VREF_D New Net Name=VREF_D1
Change Class Name : Old Net Name=A New Net Name=A1
Change Class Name : Old Net Name=A New Net Name=A2
Change Class Name : Old Net Name=B New Net Name=B1
Change Class Name : Old Net Name=B New Net Name=B2
Change Class Name : Old Net Name=C New Net Name=C1
Change Class Name : Old Net Name=C New Net Name=C2
Change Class Name : Old Net Name=D New Net Name=D1
Change Class Name : Old Net Name=D New Net Name=D2
Change Room Name: Old Name=D New Name=D2
Change Room Scope: Old Scope=InComponentClass('D') New Scope=InComponentClass('D2')
Added Room: Name=A1
Added Room: Name=A2
Added Room: Name=B1
Added Room: Name=B2
Added Room: Name=C1
Added Room: Name=C2
Added Room: Name=D1
