Removed Pin From Net: NetName=GND Pin=C24-1
Removed Pin From Net: NetName=GND Pin=C25-1
Removed Pin From Net: NetName=GND Pin=R9-1
Removed Pin From Net: NetName=GND Pin=R13-1
Removed Pin From Net: NetName=GND Pin=U_AB1-4
Removed Pin From Net: NetName=GND Pin=U_CD1-4
Added Pin To Net: NetName=AGND Pin=C24-1
Added Pin To Net: NetName=AGND Pin=C25-1
Added Pin To Net: NetName=AGND Pin=R9-1
Added Pin To Net: NetName=AGND Pin=R13-1
Added Pin To Net: NetName=AGND Pin=U_AB1-4
Added Pin To Net: NetName=AGND Pin=U_CD1-4
Added Room: Name=A
Added Room: Name=A
Added Room: Name=B
Added Room: Name=B
Added Room: Name=C
Added Room: Name=C
Added Room: Name=D
Added Room: Name=D
Added Room: Name=Top_level
Added Room: Name=U_ADC
Added Room: Name=U_Power
