Removed Pin From Net: NetName=3.3V_A Pin=C5_A-2
Removed Pin From Net: NetName=AVDD Pin=C6-2
Removed Pin From Net: NetName=AVDD Pin=C7-2
Removed Pin From Net: NetName=AVDD Pin=C14-2
Removed Pin From Net: NetName=3.3V_A Pin=C21-2
Removed Pin From Net: NetName=3.3V Pin=C26_A-2
Removed Pin From Net: NetName=3.3V_A Pin=U1_A-8
Removed Pin From Net: NetName=AVDD Pin=U2-5
Removed Pin From Net: NetName=AVDD Pin=U2-26
Removed Pin From Net: NetName=3.3V Pin=U3_A-8
Removed Pin From Net: NetName=AVDD Pin=V1-2
Removed Pin From Net: NetName=3.3V_A Pin=V2-3
Added Pin To Net: NetName=3.3V Pin=C5_A-2
Added Pin To Net: NetName=3.3V Pin=C6-2
Added Pin To Net: NetName=3.3V Pin=C7-2
Added Pin To Net: NetName=3.3V Pin=C14-2
Added Pin To Net: NetName=3.3V Pin=C21-2
Added Pin To Net: NetName=AVDD Pin=C26_A-2
Added Pin To Net: NetName=3.3V Pin=U1_A-8
Added Pin To Net: NetName=3.3V Pin=U2-5
Added Pin To Net: NetName=3.3V Pin=U2-26
Added Pin To Net: NetName=AVDD Pin=U3_A-8
Added Pin To Net: NetName=3.3V Pin=V1-2
Added Pin To Net: NetName=3.3V Pin=V2-3
Change Net Name : Old Net Name=3.3V New Net Name=3.3V_A
Change Net Name : Old Net Name=3.3V_A New Net Name=DVDD
Change Net Name : Old Net Name=AVDD New Net Name=3.3V
Change Room Name: Old Name=A_1 New Name=A
Change Room Name: Old Name=C_1 New Name=C
