Removed Pin From Net: NetName=GND Pin=C16_A-1
Removed Pin From Net: NetName=GND Pin=C16_B-1
Removed Pin From Net: NetName=GND Pin=C16_C-1
Removed Pin From Net: NetName=GND Pin=C16_D-1
Removed Pin From Net: NetName=GND Pin=R17_A-1
Removed Pin From Net: NetName=GND Pin=R17_B-1
Removed Pin From Net: NetName=GND Pin=R17_C-1
Removed Pin From Net: NetName=GND Pin=R17_D-1
Removed Pin From Net: NetName=GND Pin=R18_A-1
Removed Pin From Net: NetName=GND Pin=R18_B-1
Removed Pin From Net: NetName=GND Pin=R18_C-1
Removed Pin From Net: NetName=GND Pin=R18_D-1
Removed Pin From Net: NetName=GND Pin=U3_A-4
Removed Pin From Net: NetName=GND Pin=U3_B-4
Removed Pin From Net: NetName=GND Pin=U3_C-4
Removed Pin From Net: NetName=GND Pin=U3_D-4
Change Component Designator: OldDesignator=*1 NewDesignator=*3
Change Component Designator: OldDesignator=* NewDesignator=*2
Change Component Designator: OldDesignator=C10 NewDesignator=C13
Change Component Designator: OldDesignator=C11 NewDesignator=C15
Change Component Designator: OldDesignator=C12 NewDesignator=C18
Change Component Designator: OldDesignator=C13 NewDesignator=C19
Change Component Designator: OldDesignator=C14 NewDesignator=C24
Change Component Designator: OldDesignator=C15 NewDesignator=C25
Change Component Designator: OldDesignator=C16_A NewDesignator=C26_A
Change Component Designator: OldDesignator=C16_B NewDesignator=C26_B
Change Component Designator: OldDesignator=C16_C NewDesignator=C26_C
Change Component Designator: OldDesignator=C16_D NewDesignator=C26_D
Change Component Designator: OldDesignator=C17 NewDesignator=C20
Change Component Designator: OldDesignator=C18 NewDesignator=C21
Change Component Designator: OldDesignator=C19 NewDesignator=C22
Change Component Designator: OldDesignator=C20 NewDesignator=C23
Added Component: Designator=*1(SOIC127P600X175-8N(lm358))
Added Component: Designator=C10(1608[0603])
Added Component: Designator=C11(1608[0603])
Added Component: Designator=C12(1608[0603])
Added Component: Designator=C14(1608[0603])
Added Component: Designator=C16(1608[0603])
Added Component: Designator=C17(1608[0603])
Added Pin To Net: NetName=NetC6_2 Pin=*1-2
Added Pin To Net: NetName=AGND Pin=*1-3
Added Pin To Net: NetName=AGND Pin=*1-4
Added Pin To Net: NetName=AGND Pin=C10-1
Added Pin To Net: NetName=AGND Pin=C11-1
Added Pin To Net: NetName=AGND Pin=C12-1
Added Pin To Net: NetName=AGND Pin=C14-1
Added Pin To Net: NetName=NetC6_2 Pin=C14-2
Added Pin To Net: NetName=AGND Pin=C16-1
Added Pin To Net: NetName=AGND Pin=C17-1
Added Pin To Net: NetName=AGND Pin=C26_A-1
Added Pin To Net: NetName=AGND Pin=C26_B-1
Added Pin To Net: NetName=AGND Pin=C26_C-1
Added Pin To Net: NetName=AGND Pin=C26_D-1
Added Pin To Net: NetName=AGND Pin=R17_A-1
Added Pin To Net: NetName=AGND Pin=R17_B-1
Added Pin To Net: NetName=AGND Pin=R17_C-1
Added Pin To Net: NetName=AGND Pin=R17_D-1
Added Pin To Net: NetName=AGND Pin=R18_A-1
Added Pin To Net: NetName=AGND Pin=R18_B-1
Added Pin To Net: NetName=AGND Pin=R18_C-1
Added Pin To Net: NetName=AGND Pin=R18_D-1
Added Pin To Net: NetName=AGND Pin=U3_A-4
Added Pin To Net: NetName=AGND Pin=U3_B-4
Added Pin To Net: NetName=AGND Pin=U3_C-4
Added Pin To Net: NetName=AGND Pin=U3_D-4
Change Net Name : Old Net Name=Net*1_3 New Net Name=Net*3_3
Change Net Name : Old Net Name=NetC6_2 New Net Name=AVDD
Change Net Name : Old Net Name=NetC10_2 New Net Name=NetC13_2
Change Net Name : Old Net Name=NetC11_2 New Net Name=NetC15_2
Change Net Name : Old Net Name=NetC12_2 New Net Name=NetC18_2
Change Net Name : Old Net Name=NetC13_2 New Net Name=NetC19_2
Added Pin To Net: NetName=Net*1_1 Pin=*1-1
Added Pin To Net: NetName=Net*1_1 Pin=C17-2
Added Net: Name=Net*1_1
Added Pin To Net: NetName=NetC10_2 Pin=C10-2
Added Pin To Net: NetName=NetC10_2 Pin=U2-27
Added Net: Name=NetC10_2
Added Pin To Net: NetName=NetC11_2 Pin=C11-2
Added Pin To Net: NetName=NetC11_2 Pin=U2-28
Added Net: Name=NetC11_2
Added Pin To Net: NetName=NetC12_2 Pin=C12-2
Added Pin To Net: NetName=NetC12_2 Pin=U2-29
Added Net: Name=NetC12_2
Added Pin To Net: NetName=NetU2_25 Pin=U2-25
Added Net: Name=NetU2_25
Added Pin To Net: NetName=REFBP Pin=*1-6
Added Pin To Net: NetName=REFBP Pin=*1-7
Added Pin To Net: NetName=REFBP Pin=C16-2
Added Pin To Net: NetName=REFBP Pin=U2-34
Added Net: Name=REFBP
Added Member To Class: ClassName=U_ADC Member=Component *1 MAX6126
Added Member To Class: ClassName=U_ADC Member=Component C14 Cap
Added Member To Class: ClassName=U_ADC Member=Component C15 Cap
Added Member To Class: ClassName=U_ADC Member=Component C16 Cap
Added Member To Class: ClassName=U_ADC Member=Component C17 Cap
Added Member To Class: ClassName=U_ADC Member=Component C18 Cap
Added Member To Class: ClassName=U_ADC Member=Component C19 Cap
Change Room Name: Old Name=A_1 New Name=A
Change Room Name: Old Name=B_1 New Name=B
Change Room Name: Old Name=C_1 New Name=C
Change Room Name: Old Name=D_1 New Name=D
Added Room: Name=U_Power
